Using pre-set license
Built from '2020.3/staging' branch; Version is '2020.3.25f1 (9b9180224418) revision 10195328'; Using compiler version '192528614'; Build Type 'Release'
OS: 'Windows 10  (10.0.19043) 64bit Professional' Language: 'zh' Physical Memory: 16217 MB
BatchMode: 1, IsHumanControllingUs: 0, StartBugReporterOnCrash: 0, Is64bit: 1, IsPro: 0

COMMAND LINE ARGUMENTS:
C:\Program Files\Unity\Hub\Editor\2020.3.25f1\Editor\Unity.exe
-adb2
-batchMode
-noUpm
-name
AssetImportWorker0
-projectPath
C:/Users/user/Desktop/Unity_20220222-0/20220222-0
-logFile
Logs/AssetImportWorker0.log
-srvPort
1403
Successfully changed project path to: C:/Users/user/Desktop/Unity_20220222-0/20220222-0
C:/Users/user/Desktop/Unity_20220222-0/20220222-0
Using Asset Import Pipeline V2.
Refreshing native plugins compatible for Editor in 44.15 ms, found 3 plugins.
Preloading 0 native plugins for Editor in 0.00 ms.
Initialize engine version: 2020.3.25f1 (9b9180224418)
[Subsystems] Discovering subsystems at path C:/Program Files/Unity/Hub/Editor/2020.3.25f1/Editor/Data/Resources/UnitySubsystems
[Subsystems] Discovering subsystems at path C:/Users/user/Desktop/Unity_20220222-0/20220222-0/Assets
GfxDevice: creating device client; threaded=0
Direct3D:
    Version:  Direct3D 11.0 [level 11.1]
    Renderer: NVIDIA GeForce GTX 1650 SUPER (ID=0x2187)
    Vendor:   
    VRAM:     3955 MB
    Driver:   27.21.14.5671
Initialize mono
Mono path[0] = 'C:/Program Files/Unity/Hub/Editor/2020.3.25f1/Editor/Data/Managed'
Mono path[1] = 'C:/Program Files/Unity/Hub/Editor/2020.3.25f1/Editor/Data/MonoBleedingEdge/lib/mono/unityjit'
Mono config path = 'C:/Program Files/Unity/Hub/Editor/2020.3.25f1/Editor/Data/MonoBleedingEdge/etc'
Using monoOptions --debugger-agent=transport=dt_socket,embedding=1,server=y,suspend=n,address=127.0.0.1:56768
Begin MonoManager ReloadAssembly
Registering precompiled unity dll's ...
Register platform support module: C:/Program Files/Unity/Hub/Editor/2020.3.25f1/Editor/Data/PlaybackEngines/WebGLSupport/UnityEditor.WebGL.Extensions.dll
Register platform support module: C:/Program Files/Unity/Hub/Editor/2020.3.25f1/Editor/Data/PlaybackEngines/WindowsStandaloneSupport/UnityEditor.WindowsStandalone.Extensions.dll
Registered in 0.004019 seconds.
Native extension for WindowsStandalone target not found
Native extension for WebGL target not found
Refreshing native plugins compatible for Editor in 36.31 ms, found 3 plugins.
Preloading 0 native plugins for Editor in 0.00 ms.
Mono: successfully reloaded assembly
- Completed reload, in  0.508 seconds
Domain Reload Profiling:
	ReloadAssembly (508ms)
		BeginReloadAssembly (60ms)
			ExecutionOrderSort (0ms)
			DisableScriptedObjects (0ms)
			BackupInstance (0ms)
			ReleaseScriptingObjects (0ms)
			CreateAndSetChildDomain (1ms)
		EndReloadAssembly (377ms)
			LoadAssemblies (57ms)
			RebuildTransferFunctionScriptingTraits (0ms)
			SetupTypeCache (120ms)
			ReleaseScriptCaches (0ms)
			RebuildScriptCaches (25ms)
			SetupLoadedEditorAssemblies (139ms)
				LogAssemblyErrors (0ms)
				InitializePlatformSupportModulesInManaged (5ms)
				SetLoadedEditorAssemblies (0ms)
				RefreshPlugins (36ms)
				BeforeProcessingInitializeOnLoad (7ms)
				ProcessInitializeOnLoadAttributes (68ms)
				ProcessInitializeOnLoadMethodAttributes (23ms)
				AfterProcessingInitializeOnLoad (0ms)
				EditorAssembliesLoaded (0ms)
			ExecutionOrderSort2 (0ms)
			AwakeInstancesAfterBackupRestoration (0ms)
Platform modules already initialized, skipping
Registering precompiled user dll's ...
Registered in 0.005931 seconds.
Begin MonoManager ReloadAssembly
Native extension for WindowsStandalone target not found
Native extension for WebGL target not found
Refreshing native plugins compatible for Editor in 35.60 ms, found 3 plugins.
Preloading 0 native plugins for Editor in 0.00 ms.
Mono: successfully reloaded assembly
- Completed reload, in  0.967 seconds
Domain Reload Profiling:
	ReloadAssembly (968ms)
		BeginReloadAssembly (134ms)
			ExecutionOrderSort (0ms)
			DisableScriptedObjects (4ms)
			BackupInstance (0ms)
			ReleaseScriptingObjects (0ms)
			CreateAndSetChildDomain (16ms)
		EndReloadAssembly (772ms)
			LoadAssemblies (94ms)
			RebuildTransferFunctionScriptingTraits (0ms)
			SetupTypeCache (245ms)
			ReleaseScriptCaches (0ms)
			RebuildScriptCaches (38ms)
			SetupLoadedEditorAssemblies (295ms)
				LogAssemblyErrors (0ms)
				InitializePlatformSupportModulesInManaged (4ms)
				SetLoadedEditorAssemblies (0ms)
				RefreshPlugins (36ms)
				BeforeProcessingInitializeOnLoad (73ms)
				ProcessInitializeOnLoadAttributes (156ms)
				ProcessInitializeOnLoadMethodAttributes (14ms)
				AfterProcessingInitializeOnLoad (12ms)
				EditorAssembliesLoaded (0ms)
			ExecutionOrderSort2 (0ms)
			AwakeInstancesAfterBackupRestoration (5ms)
Platform modules already initialized, skipping
========================================================================
Worker process is ready to serve import requests
Launched and connected shader compiler UnityShaderCompiler.exe after 0.03 seconds
Refreshing native plugins compatible for Editor in 0.44 ms, found 3 plugins.
Preloading 0 native plugins for Editor in 0.00 ms.
Unloading 2194 Unused Serialized files (Serialized files now loaded: 0)
System memory in use before: 95.8 MB.
System memory in use after: 95.9 MB.

Unloading 28 unused Assets to reduce memory usage. Loaded Objects now: 2628.
Total: 2.460600 ms (FindLiveObjects: 0.137400 ms CreateObjectMapping: 0.067300 ms MarkObjects: 2.211400 ms  DeleteObjects: 0.043900 ms)

AssetImportParameters requested are different than current active one (requested -> active):
  custom:framework-win-MediaFoundation: 216162199b28c13a410421893ffa2e32 -> 
  custom:video-decoder-ogg-theora: a1e56fd34408186e4bbccfd4996cb3dc -> 
  custom:container-muxer-webm: aa71ff27fc2769a1b78a27578f13a17b -> 
  custom:container-demuxer-webm: 4f35f7cbe854078d1ac9338744f61a02 -> 
  custom:container-demuxer-ogg: 62fdf1f143b41e24485cea50d1cbac27 -> 
  custom:video-encoder-webm-vp8: eb34c28f22e8b96e1ab97ce403110664 -> 
  custom:video-decoder-webm-vp8: 9c59270c3fd7afecdb556c50c9e8de78 -> 
  custom:audio-decoder-ogg-vorbis: bf7c407c2cedff20999df2af8eb42d56 -> 
  custom:audio-encoder-webm-vorbis: bf7c407c2cedff20999df2af8eb42d56 -> 
========================================================================
Received Import Request.
  path: Assets/場景/森林.unity
  artifactKey: Guid(adfa3f730ab4d5b439809a1af24f2f06) Importer(815301076,1909f56bfc062723c751e8b465ee728b)
Start importing Assets/場景/森林.unity using Guid(adfa3f730ab4d5b439809a1af24f2f06) Importer(815301076,1909f56bfc062723c751e8b465ee728b)  -> (artifact id: 'ac679dc9ed8eba830a86874e93f360cd') in 0.012061 seconds 
  Import took 0.014545 seconds .

========================================================================
Received Import Request.
  Time since last request: 1875.512735 seconds.
  path: Assets/圖片素材/First Asset pack .png
  artifactKey: Guid(da7b4cb2a12a9f142ad5ed2ff219deef) Importer(815301076,1909f56bfc062723c751e8b465ee728b)
Start importing Assets/圖片素材/First Asset pack .png using Guid(da7b4cb2a12a9f142ad5ed2ff219deef) Importer(815301076,1909f56bfc062723c751e8b465ee728b)  -> (artifact id: '89f030309d691c86c78d72873e7a80a6') in 0.874746 seconds 
  Import took 0.879306 seconds .

========================================================================
Received Import Request.
  Time since last request: 0.000197 seconds.
  path: Assets/圖片素材/方形素材.png
  artifactKey: Guid(b2f0c18a54ec2b940a67224fb391dfec) Importer(815301076,1909f56bfc062723c751e8b465ee728b)
Start importing Assets/圖片素材/方形素材.png using Guid(b2f0c18a54ec2b940a67224fb391dfec) Importer(815301076,1909f56bfc062723c751e8b465ee728b)  -> (artifact id: '582c92884193ba1a6d71e010ef2b4b52') in 0.010582 seconds 
  Import took 0.013438 seconds .

========================================================================
Received Import Request.
  Time since last request: 32.478444 seconds.
  path: Assets/圖片素材/金幣.png
  artifactKey: Guid(a89934995877a0b42aaeb827bb51edb3) Importer(815301076,1909f56bfc062723c751e8b465ee728b)
Start importing Assets/圖片素材/金幣.png using Guid(a89934995877a0b42aaeb827bb51edb3) Importer(815301076,1909f56bfc062723c751e8b465ee728b)  -> (artifact id: '484709e9c13c1861a8008153bbaccd12') in 0.012878 seconds 
  Import took 0.015795 seconds .

========================================================================
Received Import Request.
  Time since last request: 0.000186 seconds.
  path: Assets/圖片素材/骷髏.png
  artifactKey: Guid(85fb28cdb2aedf943a1246984237a2f3) Importer(815301076,1909f56bfc062723c751e8b465ee728b)
Start importing Assets/圖片素材/骷髏.png using Guid(85fb28cdb2aedf943a1246984237a2f3) Importer(815301076,1909f56bfc062723c751e8b465ee728b)  -> (artifact id: 'ea3506441df253a9e7165ad6d4807f52') in 0.009091 seconds 
  Import took 0.011406 seconds .

========================================================================
Received Import Request.
  Time since last request: 230.869132 seconds.
  path: Assets/圖片素材/金幣-白.png
  artifactKey: Guid(d1759622f56b37340b23080d09deb3ab) Importer(815301076,1909f56bfc062723c751e8b465ee728b)
Start importing Assets/圖片素材/金幣-白.png using Guid(d1759622f56b37340b23080d09deb3ab) Importer(815301076,1909f56bfc062723c751e8b465ee728b)  -> (artifact id: '5ad47d2b32cd6a17342761090beb3b72') in 0.011880 seconds 
  Import took 0.014877 seconds .

========================================================================
Received Import Request.
  Time since last request: 0.000220 seconds.
  path: Assets/圖片素材/骷髏-白.png
  artifactKey: Guid(143378fa976d3b94abca12af79f3cbcd) Importer(815301076,1909f56bfc062723c751e8b465ee728b)
Start importing Assets/圖片素材/骷髏-白.png using Guid(143378fa976d3b94abca12af79f3cbcd) Importer(815301076,1909f56bfc062723c751e8b465ee728b)  -> (artifact id: 'c0803fab8df83dc30ab5f4c7be5b9a18') in 0.008709 seconds 
  Import took 0.011051 seconds .

========================================================================
Received Import Request.
  Time since last request: 2126.722123 seconds.
  path: Assets/圖片素材/120x80_PNGSheets
  artifactKey: Guid(2e3b5f59dab5d97458c44a00eb7efc17) Importer(815301076,1909f56bfc062723c751e8b465ee728b)
Start importing Assets/圖片素材/120x80_PNGSheets using Guid(2e3b5f59dab5d97458c44a00eb7efc17) Importer(815301076,1909f56bfc062723c751e8b465ee728b)  -> (artifact id: '45e277f48c92c0bac1f88a4bf2b6a967') in 0.001973 seconds 
  Import took 0.004731 seconds .

========================================================================
Received Import Request.
  Time since last request: 0.059019 seconds.
  path: Assets/圖片素材/120x80_PNGSheets/_Attack.png
  artifactKey: Guid(fae3eda6760af454bb20ecd0f098848f) Importer(815301076,1909f56bfc062723c751e8b465ee728b)
Start importing Assets/圖片素材/120x80_PNGSheets/_Attack.png using Guid(fae3eda6760af454bb20ecd0f098848f) Importer(815301076,1909f56bfc062723c751e8b465ee728b)  -> (artifact id: 'aa5e4ae38e8e34658fe3a1eef1f6deb2') in 0.008652 seconds 
  Import took 0.011393 seconds .

========================================================================
Received Import Request.
  Time since last request: 0.000220 seconds.
  path: Assets/圖片素材/120x80_PNGSheets/_AttackNoMovement.png
  artifactKey: Guid(e379078aba2ae5a4fa431824da702fa0) Importer(815301076,1909f56bfc062723c751e8b465ee728b)
Start importing Assets/圖片素材/120x80_PNGSheets/_AttackNoMovement.png using Guid(e379078aba2ae5a4fa431824da702fa0) Importer(815301076,1909f56bfc062723c751e8b465ee728b)  -> (artifact id: '1885a8e04a4dfaebded26b3a152b89a4') in 0.006892 seconds 
  Import took 0.009302 seconds .

========================================================================
Received Import Request.
  Time since last request: 0.000169 seconds.
  path: Assets/圖片素材/120x80_PNGSheets/_AttackCombo2hit.png
  artifactKey: Guid(7e20d5e46a72bc54eb486e8bd53d0423) Importer(815301076,1909f56bfc062723c751e8b465ee728b)
Start importing Assets/圖片素材/120x80_PNGSheets/_AttackCombo2hit.png using Guid(7e20d5e46a72bc54eb486e8bd53d0423) Importer(815301076,1909f56bfc062723c751e8b465ee728b)  -> (artifact id: '82743bab35a321762873e5bce5c0c572') in 0.008594 seconds 
  Import took 0.011588 seconds .

========================================================================
Received Import Request.
  Time since last request: 0.000147 seconds.
  path: Assets/圖片素材/120x80_PNGSheets/_CrouchAttack.png
  artifactKey: Guid(3dbab015196d9f74ca1e00ba2da0c152) Importer(815301076,1909f56bfc062723c751e8b465ee728b)
Start importing Assets/圖片素材/120x80_PNGSheets/_CrouchAttack.png using Guid(3dbab015196d9f74ca1e00ba2da0c152) Importer(815301076,1909f56bfc062723c751e8b465ee728b)  -> (artifact id: '730b5c187a4f0b3544b56ad4c75464b7') in 0.006881 seconds 
  Import took 0.009949 seconds .

========================================================================
Received Import Request.
  Time since last request: 0.000292 seconds.
  path: Assets/圖片素材/120x80_PNGSheets/_Attack2NoMovement.png
  artifactKey: Guid(ab8a47cda3b191b4cb8dc8a3b07dbf22) Importer(815301076,1909f56bfc062723c751e8b465ee728b)
Start importing Assets/圖片素材/120x80_PNGSheets/_Attack2NoMovement.png using Guid(ab8a47cda3b191b4cb8dc8a3b07dbf22) Importer(815301076,1909f56bfc062723c751e8b465ee728b)  -> (artifact id: '4a2b946c0cbfb332ce490f1b594ebe70') in 0.009017 seconds 
  Import took 0.011894 seconds .

========================================================================
Received Import Request.
  Time since last request: 0.000244 seconds.
  path: Assets/圖片素材/120x80_PNGSheets/_AttackComboNoMovement.png
  artifactKey: Guid(2dbefb7c23bba394c8950008ecfe8288) Importer(815301076,1909f56bfc062723c751e8b465ee728b)
Start importing Assets/圖片素材/120x80_PNGSheets/_AttackComboNoMovement.png using Guid(2dbefb7c23bba394c8950008ecfe8288) Importer(815301076,1909f56bfc062723c751e8b465ee728b)  -> (artifact id: '05056ebcbe64b7e873f4efaeaf1611aa') in 0.007061 seconds 
  Import took 0.010058 seconds .

========================================================================
Received Import Request.
  Time since last request: 0.000230 seconds.
  path: Assets/圖片素材/120x80_PNGSheets/_Attack2.png
  artifactKey: Guid(4cdfa6453f073b249a89cafc4b1a85c0) Importer(815301076,1909f56bfc062723c751e8b465ee728b)
Start importing Assets/圖片素材/120x80_PNGSheets/_Attack2.png using Guid(4cdfa6453f073b249a89cafc4b1a85c0) Importer(815301076,1909f56bfc062723c751e8b465ee728b)  -> (artifact id: '25ebb00b90fcbe4a67370b794cc44cdb') in 0.007140 seconds 
  Import took 0.010147 seconds .

========================================================================
Received Import Request.
  Time since last request: 0.000219 seconds.
  path: Assets/圖片素材/120x80_PNGSheets/_CrouchFull.png
  artifactKey: Guid(7f575eb15c1b99f4c967245e3018141c) Importer(815301076,1909f56bfc062723c751e8b465ee728b)
Start importing Assets/圖片素材/120x80_PNGSheets/_CrouchFull.png using Guid(7f575eb15c1b99f4c967245e3018141c) Importer(815301076,1909f56bfc062723c751e8b465ee728b)  -> (artifact id: '3d54f7a46fdcce239d1bb928d5ea206b') in 0.007906 seconds 
  Import took 0.010669 seconds .

========================================================================
Received Import Request.
  Time since last request: 0.000264 seconds.
  path: Assets/圖片素材/120x80_PNGSheets/_Crouch.png
  artifactKey: Guid(3b295fa8fb13dfa47aeb192a12288260) Importer(815301076,1909f56bfc062723c751e8b465ee728b)
Start importing Assets/圖片素材/120x80_PNGSheets/_Crouch.png using Guid(3b295fa8fb13dfa47aeb192a12288260) Importer(815301076,1909f56bfc062723c751e8b465ee728b)  -> (artifact id: 'd6d8ca910fcbb5064c51d5b3bd7baa85') in 0.009472 seconds 
  Import took 0.012353 seconds .

========================================================================
Received Import Request.
  Time since last request: 3.180486 seconds.
  path: Assets/圖片素材/120x80_PNGSheets/_CrouchTransition.png
  artifactKey: Guid(ca3962b3db0a543448d59146562e2704) Importer(815301076,1909f56bfc062723c751e8b465ee728b)
Start importing Assets/圖片素材/120x80_PNGSheets/_CrouchTransition.png using Guid(ca3962b3db0a543448d59146562e2704) Importer(815301076,1909f56bfc062723c751e8b465ee728b)  -> (artifact id: 'f215030df5d48a200a0feec26a818d84') in 0.009577 seconds 
  Import took 0.012966 seconds .

========================================================================
Received Import Request.
  Time since last request: 0.000251 seconds.
  path: Assets/圖片素材/120x80_PNGSheets/_Idle.png
  artifactKey: Guid(66d63789486b77c44a6dd96934b07f7d) Importer(815301076,1909f56bfc062723c751e8b465ee728b)
Start importing Assets/圖片素材/120x80_PNGSheets/_Idle.png using Guid(66d63789486b77c44a6dd96934b07f7d) Importer(815301076,1909f56bfc062723c751e8b465ee728b)  -> (artifact id: 'e844a69d07291d93fce9cdb736904b19') in 0.009763 seconds 
  Import took 0.012553 seconds .

========================================================================
Received Import Request.
  Time since last request: 0.000141 seconds.
  path: Assets/圖片素材/120x80_PNGSheets/_Hit.png
  artifactKey: Guid(d0874a248e7df3d428e7d100cb0c237d) Importer(815301076,1909f56bfc062723c751e8b465ee728b)
Start importing Assets/圖片素材/120x80_PNGSheets/_Hit.png using Guid(d0874a248e7df3d428e7d100cb0c237d) Importer(815301076,1909f56bfc062723c751e8b465ee728b)  -> (artifact id: '1f5be03c4de546f291d4984cf2a928f3') in 0.010991 seconds 
  Import took 0.013585 seconds .

========================================================================
Received Import Request.
  Time since last request: 0.000162 seconds.
  path: Assets/圖片素材/120x80_PNGSheets/_Dash.png
  artifactKey: Guid(4d35bde06fcc25d4186b9dca83bcc7a3) Importer(815301076,1909f56bfc062723c751e8b465ee728b)
Start importing Assets/圖片素材/120x80_PNGSheets/_Dash.png using Guid(4d35bde06fcc25d4186b9dca83bcc7a3) Importer(815301076,1909f56bfc062723c751e8b465ee728b)  -> (artifact id: 'a535211093cb4d55b1412cf6894c3989') in 0.011694 seconds 
  Import took 0.014643 seconds .

========================================================================
Received Import Request.
  Time since last request: 0.000153 seconds.
  path: Assets/圖片素材/120x80_PNGSheets/_Death.png
  artifactKey: Guid(d728b46eb25bf8c42ab67e8351787b30) Importer(815301076,1909f56bfc062723c751e8b465ee728b)
Start importing Assets/圖片素材/120x80_PNGSheets/_Death.png using Guid(d728b46eb25bf8c42ab67e8351787b30) Importer(815301076,1909f56bfc062723c751e8b465ee728b)  -> (artifact id: '903d5a329fc41488e1b16802e59fdc48') in 0.008906 seconds 
  Import took 0.011728 seconds .

========================================================================
Received Import Request.
  Time since last request: 0.000175 seconds.
  path: Assets/圖片素材/120x80_PNGSheets/_Fall.png
  artifactKey: Guid(32abd780f69d47d4597125604f7e2ed5) Importer(815301076,1909f56bfc062723c751e8b465ee728b)
Start importing Assets/圖片素材/120x80_PNGSheets/_Fall.png using Guid(32abd780f69d47d4597125604f7e2ed5) Importer(815301076,1909f56bfc062723c751e8b465ee728b)  -> (artifact id: '2f9e8c7c8e04eedb0a48d478f6035d25') in 0.010081 seconds 
  Import took 0.012723 seconds .

========================================================================
Received Import Request.
  Time since last request: 0.000224 seconds.
  path: Assets/圖片素材/120x80_PNGSheets/_Run.png
  artifactKey: Guid(fc0c8b0eea3fd744bb84e6aa027ded4a) Importer(815301076,1909f56bfc062723c751e8b465ee728b)
Start importing Assets/圖片素材/120x80_PNGSheets/_Run.png using Guid(fc0c8b0eea3fd744bb84e6aa027ded4a) Importer(815301076,1909f56bfc062723c751e8b465ee728b)  -> (artifact id: 'a98257765ee1b5b19816d2e6671395e6') in 0.007236 seconds 
  Import took 0.010000 seconds .

========================================================================
Received Import Request.
  Time since last request: 0.000220 seconds.
  path: Assets/圖片素材/120x80_PNGSheets/_DeathNoMovement.png
  artifactKey: Guid(b73118004befb50428dcfa1a73375235) Importer(815301076,1909f56bfc062723c751e8b465ee728b)
Start importing Assets/圖片素材/120x80_PNGSheets/_DeathNoMovement.png using Guid(b73118004befb50428dcfa1a73375235) Importer(815301076,1909f56bfc062723c751e8b465ee728b)  -> (artifact id: '9f464584d298387577fc35a63516ac84') in 0.009979 seconds 
  Import took 0.012817 seconds .

========================================================================
Received Import Request.
  Time since last request: 0.000151 seconds.
  path: Assets/圖片素材/120x80_PNGSheets/_Roll.png
  artifactKey: Guid(e0c8193d6d79b114fbbc24c80ec4b60e) Importer(815301076,1909f56bfc062723c751e8b465ee728b)
Start importing Assets/圖片素材/120x80_PNGSheets/_Roll.png using Guid(e0c8193d6d79b114fbbc24c80ec4b60e) Importer(815301076,1909f56bfc062723c751e8b465ee728b)  -> (artifact id: '8dee7601bde0d90eb882376060330b91') in 0.008604 seconds 
  Import took 0.011806 seconds .

========================================================================
Received Import Request.
  Time since last request: 0.000158 seconds.
  path: Assets/圖片素材/120x80_PNGSheets/_JumpFallInbetween.png
  artifactKey: Guid(286e1c5a3ea304c469a6a16a1514cdc9) Importer(815301076,1909f56bfc062723c751e8b465ee728b)
Start importing Assets/圖片素材/120x80_PNGSheets/_JumpFallInbetween.png using Guid(286e1c5a3ea304c469a6a16a1514cdc9) Importer(815301076,1909f56bfc062723c751e8b465ee728b)  -> (artifact id: 'a6c239f47677ed1eb08f31975d198949') in 0.008918 seconds 
  Import took 0.012184 seconds .

========================================================================
Received Import Request.
  Time since last request: 0.000148 seconds.
  path: Assets/圖片素材/120x80_PNGSheets/_CrouchWalk.png
  artifactKey: Guid(461db8f248c508e47aab759b11e34fec) Importer(815301076,1909f56bfc062723c751e8b465ee728b)
Start importing Assets/圖片素材/120x80_PNGSheets/_CrouchWalk.png using Guid(461db8f248c508e47aab759b11e34fec) Importer(815301076,1909f56bfc062723c751e8b465ee728b)  -> (artifact id: 'c6d02ea385ea78e928ad4366ea661e43') in 0.008475 seconds 
  Import took 0.011386 seconds .

========================================================================
Received Import Request.
  Time since last request: 0.000152 seconds.
  path: Assets/圖片素材/120x80_PNGSheets/_SlideFull.png
  artifactKey: Guid(8360baa065c023b4983a53862b766557) Importer(815301076,1909f56bfc062723c751e8b465ee728b)
Start importing Assets/圖片素材/120x80_PNGSheets/_SlideFull.png using Guid(8360baa065c023b4983a53862b766557) Importer(815301076,1909f56bfc062723c751e8b465ee728b)  -> (artifact id: '8bbdb39c55cf927b40d8af90733c80f4') in 0.007558 seconds 
  Import took 0.010627 seconds .

========================================================================
Received Import Request.
  Time since last request: 0.000120 seconds.
  path: Assets/圖片素材/120x80_PNGSheets/_Slide.png
  artifactKey: Guid(d8bb0cf389cdfef4da243dac5113af11) Importer(815301076,1909f56bfc062723c751e8b465ee728b)
Start importing Assets/圖片素材/120x80_PNGSheets/_Slide.png using Guid(d8bb0cf389cdfef4da243dac5113af11) Importer(815301076,1909f56bfc062723c751e8b465ee728b)  -> (artifact id: '7e668793a0ce38a4a4ec499e89f6e508') in 0.008776 seconds 
  Import took 0.011486 seconds .

========================================================================
Received Import Request.
  Time since last request: 0.000227 seconds.
  path: Assets/圖片素材/120x80_PNGSheets/_Jump.png
  artifactKey: Guid(4c52387837b310c408aec30381124120) Importer(815301076,1909f56bfc062723c751e8b465ee728b)
Start importing Assets/圖片素材/120x80_PNGSheets/_Jump.png using Guid(4c52387837b310c408aec30381124120) Importer(815301076,1909f56bfc062723c751e8b465ee728b)  -> (artifact id: '3199ec212eca05df002f486406112502') in 0.008452 seconds 
  Import took 0.011306 seconds .

========================================================================
Received Import Request.
  Time since last request: 160.931467 seconds.
  path: Assets/圖片素材/騎士
  artifactKey: Guid(2e3b5f59dab5d97458c44a00eb7efc17) Importer(815301076,1909f56bfc062723c751e8b465ee728b)
Start importing Assets/圖片素材/騎士 using Guid(2e3b5f59dab5d97458c44a00eb7efc17) Importer(815301076,1909f56bfc062723c751e8b465ee728b)  -> (artifact id: '436a3387e0262087bc182b3b3311e9dd') in 0.001914 seconds 
  Import took 0.005205 seconds .

========================================================================
Received Import Request.
  Time since last request: 2.183471 seconds.
  path: Assets/圖片素材/騎士/_SlideTransitionEnd.png
  artifactKey: Guid(4c1480b6b68d6af46b0b0f959add84eb) Importer(815301076,1909f56bfc062723c751e8b465ee728b)
Start importing Assets/圖片素材/騎士/_SlideTransitionEnd.png using Guid(4c1480b6b68d6af46b0b0f959add84eb) Importer(815301076,1909f56bfc062723c751e8b465ee728b)  -> (artifact id: 'a3f8e60447a7fda32b104e7d8cb8319c') in 0.019945 seconds 
  Import took 0.022746 seconds .

========================================================================
Received Import Request.
  Time since last request: 0.000200 seconds.
  path: Assets/圖片素材/騎士/_WallHang.png
  artifactKey: Guid(5819334cdbaf44c4ba3bd3595af63c36) Importer(815301076,1909f56bfc062723c751e8b465ee728b)
Start importing Assets/圖片素材/騎士/_WallHang.png using Guid(5819334cdbaf44c4ba3bd3595af63c36) Importer(815301076,1909f56bfc062723c751e8b465ee728b)  -> (artifact id: 'c6181ec4904e95ece278bf135636f023') in 0.019588 seconds 
  Import took 0.022190 seconds .

========================================================================
Received Import Request.
  Time since last request: 0.000192 seconds.
  path: Assets/圖片素材/騎士/_TurnAround.png
  artifactKey: Guid(72b4edf9b7c5dab4399c935110e51f9f) Importer(815301076,1909f56bfc062723c751e8b465ee728b)
Start importing Assets/圖片素材/騎士/_TurnAround.png using Guid(72b4edf9b7c5dab4399c935110e51f9f) Importer(815301076,1909f56bfc062723c751e8b465ee728b)  -> (artifact id: '80d3a94f2e41fef7ebd84b56aa820e67') in 0.011247 seconds 
  Import took 0.014373 seconds .

========================================================================
Received Import Request.
  Time since last request: 0.000178 seconds.
  path: Assets/圖片素材/騎士/_SlideTransitionStart.png
  artifactKey: Guid(6c66b783f8768404386c291f30db4941) Importer(815301076,1909f56bfc062723c751e8b465ee728b)
Start importing Assets/圖片素材/騎士/_SlideTransitionStart.png using Guid(6c66b783f8768404386c291f30db4941) Importer(815301076,1909f56bfc062723c751e8b465ee728b)  -> (artifact id: '169fdf01363bb56440ec88873cddc814') in 0.008702 seconds 
  Import took 0.011976 seconds .

========================================================================
Received Import Request.
  Time since last request: 0.000172 seconds.
  path: Assets/圖片素材/騎士/_WallClimb.png
  artifactKey: Guid(5cd8b034494aea24b906733a9d25c686) Importer(815301076,1909f56bfc062723c751e8b465ee728b)
Start importing Assets/圖片素材/騎士/_WallClimb.png using Guid(5cd8b034494aea24b906733a9d25c686) Importer(815301076,1909f56bfc062723c751e8b465ee728b)  -> (artifact id: 'f6c41899f484baa380fa89635bd3e129') in 0.009555 seconds 
  Import took 0.012421 seconds .

========================================================================
Received Import Request.
  Time since last request: 0.000147 seconds.
  path: Assets/圖片素材/騎士/_WallClimbNoMovement.png
  artifactKey: Guid(749a766d982cd1a49bcc6813f34d49c6) Importer(815301076,1909f56bfc062723c751e8b465ee728b)
Start importing Assets/圖片素材/騎士/_WallClimbNoMovement.png using Guid(749a766d982cd1a49bcc6813f34d49c6) Importer(815301076,1909f56bfc062723c751e8b465ee728b)  -> (artifact id: 'b57ea7d22859cec78000b081efbaf9ae') in 0.007144 seconds 
  Import took 0.010072 seconds .

========================================================================
Received Import Request.
  Time since last request: 0.000198 seconds.
  path: Assets/圖片素材/騎士/_WallSlide.png
  artifactKey: Guid(99dae91f4fde46945b82cba531eb6abd) Importer(815301076,1909f56bfc062723c751e8b465ee728b)
Start importing Assets/圖片素材/騎士/_WallSlide.png using Guid(99dae91f4fde46945b82cba531eb6abd) Importer(815301076,1909f56bfc062723c751e8b465ee728b)  -> (artifact id: '4bb8b048a9375e589194a650379ec759') in 0.007272 seconds 
  Import took 0.010159 seconds .

========================================================================
Received Import Request.
  Time since last request: 94.663227 seconds.
  path: Assets/圖片素材/騎士/_Idle.png
  artifactKey: Guid(66d63789486b77c44a6dd96934b07f7d) Importer(815301076,1909f56bfc062723c751e8b465ee728b)
Start importing Assets/圖片素材/騎士/_Idle.png using Guid(66d63789486b77c44a6dd96934b07f7d) Importer(815301076,1909f56bfc062723c751e8b465ee728b)  -> (artifact id: 'ae062203e2951372e8f671c7f0cf58fc') in 0.006272 seconds 
  Import took 0.008992 seconds .

========================================================================
Received Import Request.
  Time since last request: 25.259572 seconds.
  path: Assets/圖片素材/騎士/_Idle.png
  artifactKey: Guid(66d63789486b77c44a6dd96934b07f7d) Importer(815301076,1909f56bfc062723c751e8b465ee728b)
Start importing Assets/圖片素材/騎士/_Idle.png using Guid(66d63789486b77c44a6dd96934b07f7d) Importer(815301076,1909f56bfc062723c751e8b465ee728b)  -> (artifact id: 'cd3ce967420df9f1e62a64d82a7cfdbd') in 0.051801 seconds 
  Import took 0.054585 seconds .

========================================================================
Received Import Request.
  Time since last request: 42.042645 seconds.
  path: Assets/圖片素材/騎士/_Run.png
  artifactKey: Guid(fc0c8b0eea3fd744bb84e6aa027ded4a) Importer(815301076,1909f56bfc062723c751e8b465ee728b)
Start importing Assets/圖片素材/騎士/_Run.png using Guid(fc0c8b0eea3fd744bb84e6aa027ded4a) Importer(815301076,1909f56bfc062723c751e8b465ee728b)  -> (artifact id: 'cde2105e23f319691c08e0ef840d3eb4') in 0.006131 seconds 
  Import took 0.008837 seconds .

========================================================================
Received Import Request.
  Time since last request: 46.977981 seconds.
  path: Assets/圖片素材/騎士/_Run.png
  artifactKey: Guid(fc0c8b0eea3fd744bb84e6aa027ded4a) Importer(815301076,1909f56bfc062723c751e8b465ee728b)
Start importing Assets/圖片素材/騎士/_Run.png using Guid(fc0c8b0eea3fd744bb84e6aa027ded4a) Importer(815301076,1909f56bfc062723c751e8b465ee728b)  -> (artifact id: '265ed27ef9ab6e566ad87dda39877c42') in 0.033857 seconds 
  Import took 0.036656 seconds .

========================================================================
Received Import Request.
  Time since last request: 31.263858 seconds.
  path: Assets/圖片素材/騎士/_Death.png
  artifactKey: Guid(d728b46eb25bf8c42ab67e8351787b30) Importer(815301076,1909f56bfc062723c751e8b465ee728b)
Start importing Assets/圖片素材/騎士/_Death.png using Guid(d728b46eb25bf8c42ab67e8351787b30) Importer(815301076,1909f56bfc062723c751e8b465ee728b)  -> (artifact id: '495ff7f4782bcdb4f0abcefecb90f8b6') in 0.006628 seconds 
  Import took 0.009509 seconds .

========================================================================
Received Import Request.
  Time since last request: 6.290604 seconds.
  path: Assets/圖片素材/騎士/_Death.png
  artifactKey: Guid(d728b46eb25bf8c42ab67e8351787b30) Importer(815301076,1909f56bfc062723c751e8b465ee728b)
Start importing Assets/圖片素材/騎士/_Death.png using Guid(d728b46eb25bf8c42ab67e8351787b30) Importer(815301076,1909f56bfc062723c751e8b465ee728b)  -> (artifact id: 'fa2b57722f5cb4a5b6d98dc6d4f8f5e5') in 0.052601 seconds 
  Import took 0.055266 seconds .

========================================================================
Received Prepare
Registering precompiled user dll's ...
Registered in 0.005598 seconds.
Begin MonoManager ReloadAssembly
Native extension for WindowsStandalone target not found
Native extension for WebGL target not found
Refreshing native plugins compatible for Editor in 0.42 ms, found 3 plugins.
Preloading 0 native plugins for Editor in 0.00 ms.
Mono: successfully reloaded assembly
- Completed reload, in  0.898 seconds
Domain Reload Profiling:
	ReloadAssembly (899ms)
		BeginReloadAssembly (113ms)
			ExecutionOrderSort (0ms)
			DisableScriptedObjects (6ms)
			BackupInstance (0ms)
			ReleaseScriptingObjects (0ms)
			CreateAndSetChildDomain (28ms)
		EndReloadAssembly (725ms)
			LoadAssemblies (95ms)
			RebuildTransferFunctionScriptingTraits (0ms)
			SetupTypeCache (248ms)
			ReleaseScriptCaches (1ms)
			RebuildScriptCaches (36ms)
			SetupLoadedEditorAssemblies (261ms)
				LogAssemblyErrors (0ms)
				InitializePlatformSupportModulesInManaged (5ms)
				SetLoadedEditorAssemblies (0ms)
				RefreshPlugins (0ms)
				BeforeProcessingInitializeOnLoad (71ms)
				ProcessInitializeOnLoadAttributes (163ms)
				ProcessInitializeOnLoadMethodAttributes (9ms)
				AfterProcessingInitializeOnLoad (12ms)
				EditorAssembliesLoaded (0ms)
			ExecutionOrderSort2 (0ms)
			AwakeInstancesAfterBackupRestoration (7ms)
Platform modules already initialized, skipping
Refreshing native plugins compatible for Editor in 0.42 ms, found 3 plugins.
Preloading 0 native plugins for Editor in 0.00 ms.
Unloading 2183 Unused Serialized files (Serialized files now loaded: 0)
System memory in use before: 98.5 MB.
System memory in use after: 98.7 MB.

Unloading 17 unused Assets to reduce memory usage. Loaded Objects now: 2658.
Total: 2.440300 ms (FindLiveObjects: 0.139000 ms CreateObjectMapping: 0.061600 ms MarkObjects: 2.226400 ms  DeleteObjects: 0.012700 ms)

AssetImportParameters requested are different than current active one (requested -> active):
  custom:framework-win-MediaFoundation: 216162199b28c13a410421893ffa2e32 -> 
  custom:video-decoder-ogg-theora: a1e56fd34408186e4bbccfd4996cb3dc -> 
  custom:container-muxer-webm: aa71ff27fc2769a1b78a27578f13a17b -> 
  custom:container-demuxer-webm: 4f35f7cbe854078d1ac9338744f61a02 -> 
  custom:container-demuxer-ogg: 62fdf1f143b41e24485cea50d1cbac27 -> 
  custom:video-encoder-webm-vp8: eb34c28f22e8b96e1ab97ce403110664 -> 
  custom:video-decoder-webm-vp8: 9c59270c3fd7afecdb556c50c9e8de78 -> 
  custom:audio-decoder-ogg-vorbis: bf7c407c2cedff20999df2af8eb42d56 -> 
  custom:audio-encoder-webm-vorbis: bf7c407c2cedff20999df2af8eb42d56 -> 
========================================================================
Received Import Request.
  Time since last request: 497.886915 seconds.
  path: Assets/動畫/_Idle_0.controller
  artifactKey: Guid(f80098008438dbd4ea02d63969db10b1) Importer(815301076,1909f56bfc062723c751e8b465ee728b)
Start importing Assets/動畫/_Idle_0.controller using Guid(f80098008438dbd4ea02d63969db10b1) Importer(815301076,1909f56bfc062723c751e8b465ee728b)  -> (artifact id: 'e241ff2a187ba89a806573da6b77988b') in 0.011751 seconds 
  Import took 0.014284 seconds .

========================================================================
Received Import Request.
  Time since last request: 0.683614 seconds.
  path: Assets/動畫/Idle.anim
  artifactKey: Guid(be4003a224fe4af4caa5253dd8412a1d) Importer(815301076,1909f56bfc062723c751e8b465ee728b)
Start importing Assets/動畫/Idle.anim using Guid(be4003a224fe4af4caa5253dd8412a1d) Importer(815301076,1909f56bfc062723c751e8b465ee728b)  -> (artifact id: 'b4a8ec0a721de52820d2ca87e6c2c743') in 0.003245 seconds 
  Import took 0.005900 seconds .

========================================================================
Received Prepare
Registering precompiled user dll's ...
Registered in 0.006111 seconds.
Begin MonoManager ReloadAssembly
Native extension for WindowsStandalone target not found
Native extension for WebGL target not found
Refreshing native plugins compatible for Editor in 0.42 ms, found 3 plugins.
Preloading 0 native plugins for Editor in 0.00 ms.
Mono: successfully reloaded assembly
- Completed reload, in  0.870 seconds
Domain Reload Profiling:
	ReloadAssembly (871ms)
		BeginReloadAssembly (107ms)
			ExecutionOrderSort (0ms)
			DisableScriptedObjects (5ms)
			BackupInstance (0ms)
			ReleaseScriptingObjects (0ms)
			CreateAndSetChildDomain (26ms)
		EndReloadAssembly (703ms)
			LoadAssemblies (93ms)
			RebuildTransferFunctionScriptingTraits (0ms)
			SetupTypeCache (239ms)
			ReleaseScriptCaches (1ms)
			RebuildScriptCaches (33ms)
			SetupLoadedEditorAssemblies (259ms)
				LogAssemblyErrors (0ms)
				InitializePlatformSupportModulesInManaged (5ms)
				SetLoadedEditorAssemblies (0ms)
				RefreshPlugins (0ms)
				BeforeProcessingInitializeOnLoad (69ms)
				ProcessInitializeOnLoadAttributes (163ms)
				ProcessInitializeOnLoadMethodAttributes (10ms)
				AfterProcessingInitializeOnLoad (12ms)
				EditorAssembliesLoaded (0ms)
			ExecutionOrderSort2 (0ms)
			AwakeInstancesAfterBackupRestoration (7ms)
Platform modules already initialized, skipping
Refreshing native plugins compatible for Editor in 0.46 ms, found 3 plugins.
Preloading 0 native plugins for Editor in 0.00 ms.
Unloading 2183 Unused Serialized files (Serialized files now loaded: 0)
System memory in use before: 98.6 MB.
System memory in use after: 98.7 MB.

Unloading 17 unused Assets to reduce memory usage. Loaded Objects now: 2660.
Total: 2.284200 ms (FindLiveObjects: 0.137200 ms CreateObjectMapping: 0.068900 ms MarkObjects: 2.065200 ms  DeleteObjects: 0.012200 ms)

AssetImportParameters requested are different than current active one (requested -> active):
  custom:framework-win-MediaFoundation: 216162199b28c13a410421893ffa2e32 -> 
  custom:video-decoder-ogg-theora: a1e56fd34408186e4bbccfd4996cb3dc -> 
  custom:container-muxer-webm: aa71ff27fc2769a1b78a27578f13a17b -> 
  custom:container-demuxer-webm: 4f35f7cbe854078d1ac9338744f61a02 -> 
  custom:container-demuxer-ogg: 62fdf1f143b41e24485cea50d1cbac27 -> 
  custom:video-encoder-webm-vp8: eb34c28f22e8b96e1ab97ce403110664 -> 
  custom:video-decoder-webm-vp8: 9c59270c3fd7afecdb556c50c9e8de78 -> 
  custom:audio-decoder-ogg-vorbis: bf7c407c2cedff20999df2af8eb42d56 -> 
  custom:audio-encoder-webm-vorbis: bf7c407c2cedff20999df2af8eb42d56 -> 
========================================================================
Received Prepare
Registering precompiled user dll's ...
Registered in 0.005939 seconds.
Begin MonoManager ReloadAssembly
Native extension for WindowsStandalone target not found
Native extension for WebGL target not found
Refreshing native plugins compatible for Editor in 0.48 ms, found 3 plugins.
Preloading 0 native plugins for Editor in 0.00 ms.
Mono: successfully reloaded assembly
- Completed reload, in  0.890 seconds
Domain Reload Profiling:
	ReloadAssembly (890ms)
		BeginReloadAssembly (120ms)
			ExecutionOrderSort (0ms)
			DisableScriptedObjects (5ms)
			BackupInstance (0ms)
			ReleaseScriptingObjects (0ms)
			CreateAndSetChildDomain (26ms)
		EndReloadAssembly (707ms)
			LoadAssemblies (93ms)
			RebuildTransferFunctionScriptingTraits (0ms)
			SetupTypeCache (239ms)
			ReleaseScriptCaches (1ms)
			RebuildScriptCaches (35ms)
			SetupLoadedEditorAssemblies (263ms)
				LogAssemblyErrors (0ms)
				InitializePlatformSupportModulesInManaged (5ms)
				SetLoadedEditorAssemblies (0ms)
				RefreshPlugins (1ms)
				BeforeProcessingInitializeOnLoad (70ms)
				ProcessInitializeOnLoadAttributes (166ms)
				ProcessInitializeOnLoadMethodAttributes (9ms)
				AfterProcessingInitializeOnLoad (12ms)
				EditorAssembliesLoaded (0ms)
			ExecutionOrderSort2 (0ms)
			AwakeInstancesAfterBackupRestoration (7ms)
Platform modules already initialized, skipping
Refreshing native plugins compatible for Editor in 0.43 ms, found 3 plugins.
Preloading 0 native plugins for Editor in 0.00 ms.
Unloading 2183 Unused Serialized files (Serialized files now loaded: 0)
System memory in use before: 98.6 MB.
System memory in use after: 98.7 MB.

Unloading 17 unused Assets to reduce memory usage. Loaded Objects now: 2662.
Total: 2.358500 ms (FindLiveObjects: 0.130900 ms CreateObjectMapping: 0.060100 ms MarkObjects: 2.154400 ms  DeleteObjects: 0.012500 ms)

AssetImportParameters requested are different than current active one (requested -> active):
  custom:framework-win-MediaFoundation: 216162199b28c13a410421893ffa2e32 -> 
  custom:video-decoder-ogg-theora: a1e56fd34408186e4bbccfd4996cb3dc -> 
  custom:container-muxer-webm: aa71ff27fc2769a1b78a27578f13a17b -> 
  custom:container-demuxer-webm: 4f35f7cbe854078d1ac9338744f61a02 -> 
  custom:container-demuxer-ogg: 62fdf1f143b41e24485cea50d1cbac27 -> 
  custom:video-encoder-webm-vp8: eb34c28f22e8b96e1ab97ce403110664 -> 
  custom:video-decoder-webm-vp8: 9c59270c3fd7afecdb556c50c9e8de78 -> 
  custom:audio-decoder-ogg-vorbis: bf7c407c2cedff20999df2af8eb42d56 -> 
  custom:audio-encoder-webm-vorbis: bf7c407c2cedff20999df2af8eb42d56 -> 
========================================================================
Received Prepare
Registering precompiled user dll's ...
Registered in 0.005419 seconds.
Begin MonoManager ReloadAssembly
Native extension for WindowsStandalone target not found
Native extension for WebGL target not found
Refreshing native plugins compatible for Editor in 0.42 ms, found 3 plugins.
Preloading 0 native plugins for Editor in 0.00 ms.
Mono: successfully reloaded assembly
- Completed reload, in  0.886 seconds
Domain Reload Profiling:
	ReloadAssembly (887ms)
		BeginReloadAssembly (109ms)
			ExecutionOrderSort (0ms)
			DisableScriptedObjects (5ms)
			BackupInstance (0ms)
			ReleaseScriptingObjects (0ms)
			CreateAndSetChildDomain (25ms)
		EndReloadAssembly (717ms)
			LoadAssemblies (94ms)
			RebuildTransferFunctionScriptingTraits (0ms)
			SetupTypeCache (246ms)
			ReleaseScriptCaches (1ms)
			RebuildScriptCaches (34ms)
			SetupLoadedEditorAssemblies (266ms)
				LogAssemblyErrors (0ms)
				InitializePlatformSupportModulesInManaged (6ms)
				SetLoadedEditorAssemblies (0ms)
				RefreshPlugins (0ms)
				BeforeProcessingInitializeOnLoad (70ms)
				ProcessInitializeOnLoadAttributes (167ms)
				ProcessInitializeOnLoadMethodAttributes (10ms)
				AfterProcessingInitializeOnLoad (12ms)
				EditorAssembliesLoaded (0ms)
			ExecutionOrderSort2 (0ms)
			AwakeInstancesAfterBackupRestoration (7ms)
Platform modules already initialized, skipping
Refreshing native plugins compatible for Editor in 0.41 ms, found 3 plugins.
Preloading 0 native plugins for Editor in 0.00 ms.
Unloading 2183 Unused Serialized files (Serialized files now loaded: 0)
System memory in use before: 98.6 MB.
System memory in use after: 98.8 MB.

Unloading 17 unused Assets to reduce memory usage. Loaded Objects now: 2664.
Total: 2.351000 ms (FindLiveObjects: 0.128200 ms CreateObjectMapping: 0.058200 ms MarkObjects: 2.151600 ms  DeleteObjects: 0.012100 ms)

AssetImportParameters requested are different than current active one (requested -> active):
  custom:framework-win-MediaFoundation: 216162199b28c13a410421893ffa2e32 -> 
  custom:video-decoder-ogg-theora: a1e56fd34408186e4bbccfd4996cb3dc -> 
  custom:container-muxer-webm: aa71ff27fc2769a1b78a27578f13a17b -> 
  custom:container-demuxer-webm: 4f35f7cbe854078d1ac9338744f61a02 -> 
  custom:container-demuxer-ogg: 62fdf1f143b41e24485cea50d1cbac27 -> 
  custom:video-encoder-webm-vp8: eb34c28f22e8b96e1ab97ce403110664 -> 
  custom:video-decoder-webm-vp8: 9c59270c3fd7afecdb556c50c9e8de78 -> 
  custom:audio-decoder-ogg-vorbis: bf7c407c2cedff20999df2af8eb42d56 -> 
  custom:audio-encoder-webm-vorbis: bf7c407c2cedff20999df2af8eb42d56 -> 
========================================================================
Received Import Request.
  Time since last request: 193.881783 seconds.
  path: Assets/圖片素材/騎士/_Idle.png
  artifactKey: Guid(66d63789486b77c44a6dd96934b07f7d) Importer(815301076,1909f56bfc062723c751e8b465ee728b)
Start importing Assets/圖片素材/騎士/_Idle.png using Guid(66d63789486b77c44a6dd96934b07f7d) Importer(815301076,1909f56bfc062723c751e8b465ee728b)  -> (artifact id: 'a5845dea5a19ff03a2c68e45beec1515') in 0.067616 seconds 
  Import took 0.070542 seconds .

========================================================================
Received Prepare
Registering precompiled user dll's ...
Registered in 0.005420 seconds.
Begin MonoManager ReloadAssembly
Native extension for WindowsStandalone target not found
Native extension for WebGL target not found
Refreshing native plugins compatible for Editor in 0.42 ms, found 3 plugins.
Preloading 0 native plugins for Editor in 0.00 ms.
Mono: successfully reloaded assembly
- Completed reload, in  0.901 seconds
Domain Reload Profiling:
	ReloadAssembly (901ms)
		BeginReloadAssembly (109ms)
			ExecutionOrderSort (0ms)
			DisableScriptedObjects (5ms)
			BackupInstance (0ms)
			ReleaseScriptingObjects (0ms)
			CreateAndSetChildDomain (27ms)
		EndReloadAssembly (732ms)
			LoadAssemblies (94ms)
			RebuildTransferFunctionScriptingTraits (0ms)
			SetupTypeCache (254ms)
			ReleaseScriptCaches (1ms)
			RebuildScriptCaches (34ms)
			SetupLoadedEditorAssemblies (260ms)
				LogAssemblyErrors (0ms)
				InitializePlatformSupportModulesInManaged (5ms)
				SetLoadedEditorAssemblies (0ms)
				RefreshPlugins (0ms)
				BeforeProcessingInitializeOnLoad (69ms)
				ProcessInitializeOnLoadAttributes (164ms)
				ProcessInitializeOnLoadMethodAttributes (9ms)
				AfterProcessingInitializeOnLoad (12ms)
				EditorAssembliesLoaded (0ms)
			ExecutionOrderSort2 (0ms)
			AwakeInstancesAfterBackupRestoration (7ms)
Platform modules already initialized, skipping
Refreshing native plugins compatible for Editor in 0.48 ms, found 3 plugins.
Preloading 0 native plugins for Editor in 0.00 ms.
Unloading 2183 Unused Serialized files (Serialized files now loaded: 0)
System memory in use before: 98.6 MB.
System memory in use after: 98.8 MB.

Unloading 17 unused Assets to reduce memory usage. Loaded Objects now: 2667.
Total: 2.366500 ms (FindLiveObjects: 0.140700 ms CreateObjectMapping: 0.068100 ms MarkObjects: 2.144300 ms  DeleteObjects: 0.012500 ms)

AssetImportParameters requested are different than current active one (requested -> active):
  custom:framework-win-MediaFoundation: 216162199b28c13a410421893ffa2e32 -> 
  custom:video-decoder-ogg-theora: a1e56fd34408186e4bbccfd4996cb3dc -> 
  custom:container-muxer-webm: aa71ff27fc2769a1b78a27578f13a17b -> 
  custom:container-demuxer-webm: 4f35f7cbe854078d1ac9338744f61a02 -> 
  custom:container-demuxer-ogg: 62fdf1f143b41e24485cea50d1cbac27 -> 
  custom:video-encoder-webm-vp8: eb34c28f22e8b96e1ab97ce403110664 -> 
  custom:video-decoder-webm-vp8: 9c59270c3fd7afecdb556c50c9e8de78 -> 
  custom:audio-decoder-ogg-vorbis: bf7c407c2cedff20999df2af8eb42d56 -> 
  custom:audio-encoder-webm-vorbis: bf7c407c2cedff20999df2af8eb42d56 -> 
========================================================================
Received Prepare
Registering precompiled user dll's ...
Registered in 0.007292 seconds.
Begin MonoManager ReloadAssembly
Native extension for WindowsStandalone target not found
Native extension for WebGL target not found
Refreshing native plugins compatible for Editor in 0.54 ms, found 3 plugins.
Preloading 0 native plugins for Editor in 0.00 ms.
Mono: successfully reloaded assembly
- Completed reload, in  1.178 seconds
Domain Reload Profiling:
	ReloadAssembly (1179ms)
		BeginReloadAssembly (139ms)
			ExecutionOrderSort (0ms)
			DisableScriptedObjects (6ms)
			BackupInstance (0ms)
			ReleaseScriptingObjects (0ms)
			CreateAndSetChildDomain (34ms)
		EndReloadAssembly (956ms)
			LoadAssemblies (132ms)
			RebuildTransferFunctionScriptingTraits (0ms)
			SetupTypeCache (327ms)
			ReleaseScriptCaches (1ms)
			RebuildScriptCaches (42ms)
			SetupLoadedEditorAssemblies (354ms)
				LogAssemblyErrors (0ms)
				InitializePlatformSupportModulesInManaged (7ms)
				SetLoadedEditorAssemblies (1ms)
				RefreshPlugins (1ms)
				BeforeProcessingInitializeOnLoad (92ms)
				ProcessInitializeOnLoadAttributes (225ms)
				ProcessInitializeOnLoadMethodAttributes (12ms)
				AfterProcessingInitializeOnLoad (16ms)
				EditorAssembliesLoaded (0ms)
			ExecutionOrderSort2 (0ms)
			AwakeInstancesAfterBackupRestoration (10ms)
Platform modules already initialized, skipping
Refreshing native plugins compatible for Editor in 0.48 ms, found 3 plugins.
Preloading 0 native plugins for Editor in 0.00 ms.
Unloading 2183 Unused Serialized files (Serialized files now loaded: 0)
System memory in use before: 98.7 MB.
System memory in use after: 98.8 MB.

Unloading 17 unused Assets to reduce memory usage. Loaded Objects now: 2669.
Total: 3.081200 ms (FindLiveObjects: 0.149500 ms CreateObjectMapping: 0.074800 ms MarkObjects: 2.841300 ms  DeleteObjects: 0.014700 ms)

AssetImportParameters requested are different than current active one (requested -> active):
  custom:framework-win-MediaFoundation: 216162199b28c13a410421893ffa2e32 -> 
  custom:video-decoder-ogg-theora: a1e56fd34408186e4bbccfd4996cb3dc -> 
  custom:container-muxer-webm: aa71ff27fc2769a1b78a27578f13a17b -> 
  custom:container-demuxer-webm: 4f35f7cbe854078d1ac9338744f61a02 -> 
  custom:container-demuxer-ogg: 62fdf1f143b41e24485cea50d1cbac27 -> 
  custom:video-encoder-webm-vp8: eb34c28f22e8b96e1ab97ce403110664 -> 
  custom:video-decoder-webm-vp8: 9c59270c3fd7afecdb556c50c9e8de78 -> 
  custom:audio-decoder-ogg-vorbis: bf7c407c2cedff20999df2af8eb42d56 -> 
  custom:audio-encoder-webm-vorbis: bf7c407c2cedff20999df2af8eb42d56 -> 
========================================================================
Received Import Request.
  Time since last request: 191.826155 seconds.
  path: Assets/動畫/騎士待機.anim
  artifactKey: Guid(b4c92757157f8be46b205e033ffedffc) Importer(815301076,1909f56bfc062723c751e8b465ee728b)
Start importing Assets/動畫/騎士待機.anim using Guid(b4c92757157f8be46b205e033ffedffc) Importer(815301076,1909f56bfc062723c751e8b465ee728b)  -> (artifact id: 'a2ac55746228a48c8caed80ac32d39c1') in 0.010408 seconds 
  Import took 0.013163 seconds .

========================================================================
Received Import Request.
  Time since last request: 0.358979 seconds.
  path: Assets/動畫/騎士死亡.anim
  artifactKey: Guid(e47d71de7f339dc4f8eb2e0c89b5f2a1) Importer(815301076,1909f56bfc062723c751e8b465ee728b)
Start importing Assets/動畫/騎士死亡.anim using Guid(e47d71de7f339dc4f8eb2e0c89b5f2a1) Importer(815301076,1909f56bfc062723c751e8b465ee728b)  -> (artifact id: 'e911a7b4daef4b91887d720012b7c665') in 0.002526 seconds 
  Import took 0.005123 seconds .

========================================================================
Received Import Request.
  Time since last request: 0.681800 seconds.
  path: Assets/動畫/騎士跑步.anim
  artifactKey: Guid(88eeae35c473b8749b1243c142ece1b0) Importer(815301076,1909f56bfc062723c751e8b465ee728b)
Start importing Assets/動畫/騎士跑步.anim using Guid(88eeae35c473b8749b1243c142ece1b0) Importer(815301076,1909f56bfc062723c751e8b465ee728b)  -> (artifact id: 'b096a46f0af23255e1ada131f696239b') in 0.002189 seconds 
  Import took 0.004739 seconds .

========================================================================
Received Prepare
Registering precompiled user dll's ...
Registered in 0.005608 seconds.
Begin MonoManager ReloadAssembly
Native extension for WindowsStandalone target not found
Native extension for WebGL target not found
Refreshing native plugins compatible for Editor in 0.42 ms, found 3 plugins.
Preloading 0 native plugins for Editor in 0.00 ms.
Mono: successfully reloaded assembly
- Completed reload, in  0.904 seconds
Domain Reload Profiling:
	ReloadAssembly (905ms)
		BeginReloadAssembly (118ms)
			ExecutionOrderSort (0ms)
			DisableScriptedObjects (5ms)
			BackupInstance (0ms)
			ReleaseScriptingObjects (0ms)
			CreateAndSetChildDomain (26ms)
		EndReloadAssembly (725ms)
			LoadAssemblies (95ms)
			RebuildTransferFunctionScriptingTraits (0ms)
			SetupTypeCache (252ms)
			ReleaseScriptCaches (1ms)
			RebuildScriptCaches (34ms)
			SetupLoadedEditorAssemblies (266ms)
				LogAssemblyErrors (0ms)
				InitializePlatformSupportModulesInManaged (5ms)
				SetLoadedEditorAssemblies (0ms)
				RefreshPlugins (0ms)
				BeforeProcessingInitializeOnLoad (68ms)
				ProcessInitializeOnLoadAttributes (170ms)
				ProcessInitializeOnLoadMethodAttributes (10ms)
				AfterProcessingInitializeOnLoad (12ms)
				EditorAssembliesLoaded (0ms)
			ExecutionOrderSort2 (0ms)
			AwakeInstancesAfterBackupRestoration (8ms)
Platform modules already initialized, skipping
Refreshing native plugins compatible for Editor in 0.43 ms, found 3 plugins.
Preloading 0 native plugins for Editor in 0.00 ms.
Unloading 2183 Unused Serialized files (Serialized files now loaded: 0)
System memory in use before: 98.8 MB.
System memory in use after: 98.9 MB.

Unloading 17 unused Assets to reduce memory usage. Loaded Objects now: 2671.
Total: 2.398800 ms (FindLiveObjects: 0.141400 ms CreateObjectMapping: 0.067500 ms MarkObjects: 2.176700 ms  DeleteObjects: 0.012300 ms)

AssetImportParameters requested are different than current active one (requested -> active):
  custom:framework-win-MediaFoundation: 216162199b28c13a410421893ffa2e32 -> 
  custom:video-decoder-ogg-theora: a1e56fd34408186e4bbccfd4996cb3dc -> 
  custom:container-muxer-webm: aa71ff27fc2769a1b78a27578f13a17b -> 
  custom:container-demuxer-webm: 4f35f7cbe854078d1ac9338744f61a02 -> 
  custom:container-demuxer-ogg: 62fdf1f143b41e24485cea50d1cbac27 -> 
  custom:video-encoder-webm-vp8: eb34c28f22e8b96e1ab97ce403110664 -> 
  custom:video-decoder-webm-vp8: 9c59270c3fd7afecdb556c50c9e8de78 -> 
  custom:audio-decoder-ogg-vorbis: bf7c407c2cedff20999df2af8eb42d56 -> 
  custom:audio-encoder-webm-vorbis: bf7c407c2cedff20999df2af8eb42d56 -> 
========================================================================
Received Prepare
Registering precompiled user dll's ...
Registered in 0.007284 seconds.
Begin MonoManager ReloadAssembly
Native extension for WindowsStandalone target not found
Native extension for WebGL target not found
Refreshing native plugins compatible for Editor in 0.42 ms, found 3 plugins.
Preloading 0 native plugins for Editor in 0.00 ms.
Mono: successfully reloaded assembly
- Completed reload, in  0.878 seconds
Domain Reload Profiling:
	ReloadAssembly (879ms)
		BeginReloadAssembly (115ms)
			ExecutionOrderSort (0ms)
			DisableScriptedObjects (5ms)
			BackupInstance (0ms)
			ReleaseScriptingObjects (0ms)
			CreateAndSetChildDomain (26ms)
		EndReloadAssembly (704ms)
			LoadAssemblies (92ms)
			RebuildTransferFunctionScriptingTraits (0ms)
			SetupTypeCache (241ms)
			ReleaseScriptCaches (1ms)
			RebuildScriptCaches (34ms)
			SetupLoadedEditorAssemblies (258ms)
				LogAssemblyErrors (0ms)
				InitializePlatformSupportModulesInManaged (5ms)
				SetLoadedEditorAssemblies (0ms)
				RefreshPlugins (0ms)
				BeforeProcessingInitializeOnLoad (70ms)
				ProcessInitializeOnLoadAttributes (162ms)
				ProcessInitializeOnLoadMethodAttributes (9ms)
				AfterProcessingInitializeOnLoad (12ms)
				EditorAssembliesLoaded (0ms)
			ExecutionOrderSort2 (0ms)
			AwakeInstancesAfterBackupRestoration (7ms)
Platform modules already initialized, skipping
Refreshing native plugins compatible for Editor in 0.48 ms, found 3 plugins.
Preloading 0 native plugins for Editor in 0.00 ms.
Unloading 2183 Unused Serialized files (Serialized files now loaded: 0)
System memory in use before: 98.8 MB.
System memory in use after: 98.9 MB.

Unloading 17 unused Assets to reduce memory usage. Loaded Objects now: 2673.
Total: 2.702100 ms (FindLiveObjects: 0.140300 ms CreateObjectMapping: 0.070300 ms MarkObjects: 2.477700 ms  DeleteObjects: 0.013300 ms)

AssetImportParameters requested are different than current active one (requested -> active):
  custom:framework-win-MediaFoundation: 216162199b28c13a410421893ffa2e32 -> 
  custom:video-decoder-ogg-theora: a1e56fd34408186e4bbccfd4996cb3dc -> 
  custom:container-muxer-webm: aa71ff27fc2769a1b78a27578f13a17b -> 
  custom:container-demuxer-webm: 4f35f7cbe854078d1ac9338744f61a02 -> 
  custom:container-demuxer-ogg: 62fdf1f143b41e24485cea50d1cbac27 -> 
  custom:video-encoder-webm-vp8: eb34c28f22e8b96e1ab97ce403110664 -> 
  custom:video-decoder-webm-vp8: 9c59270c3fd7afecdb556c50c9e8de78 -> 
  custom:audio-decoder-ogg-vorbis: bf7c407c2cedff20999df2af8eb42d56 -> 
  custom:audio-encoder-webm-vorbis: bf7c407c2cedff20999df2af8eb42d56 -> 
========================================================================
Received Import Request.
  Time since last request: 938.851202 seconds.
  path: Assets/動畫/_Death_0.controller
  artifactKey: Guid(d07378f73f4cd60449524d9f453aea4d) Importer(815301076,1909f56bfc062723c751e8b465ee728b)
Start importing Assets/動畫/_Death_0.controller using Guid(d07378f73f4cd60449524d9f453aea4d) Importer(815301076,1909f56bfc062723c751e8b465ee728b)  -> (artifact id: 'd3026a0c59b8fa9e7e2af8fb0f69ca59') in 0.014887 seconds 
  Import took 0.018281 seconds .

========================================================================
Received Import Request.
  Time since last request: 63.147490 seconds.
  path: Assets/動畫/騎士.controller
  artifactKey: Guid(1bba92e1592e7c748992b6b232df6472) Importer(815301076,1909f56bfc062723c751e8b465ee728b)
Start importing Assets/動畫/騎士.controller using Guid(1bba92e1592e7c748992b6b232df6472) Importer(815301076,1909f56bfc062723c751e8b465ee728b)  -> (artifact id: '2453853d55f4e2f2599b5d973ba1d182') in 0.002427 seconds 
  Import took 0.005134 seconds .

========================================================================
Received Prepare
Registering precompiled user dll's ...
Registered in 0.006359 seconds.
Begin MonoManager ReloadAssembly
Native extension for WindowsStandalone target not found
Native extension for WebGL target not found
Refreshing native plugins compatible for Editor in 0.42 ms, found 3 plugins.
Preloading 0 native plugins for Editor in 0.00 ms.
Mono: successfully reloaded assembly
- Completed reload, in  0.880 seconds
Domain Reload Profiling:
	ReloadAssembly (880ms)
		BeginReloadAssembly (105ms)
			ExecutionOrderSort (0ms)
			DisableScriptedObjects (5ms)
			BackupInstance (0ms)
			ReleaseScriptingObjects (0ms)
			CreateAndSetChildDomain (25ms)
		EndReloadAssembly (712ms)
			LoadAssemblies (94ms)
			RebuildTransferFunctionScriptingTraits (0ms)
			SetupTypeCache (246ms)
			ReleaseScriptCaches (1ms)
			RebuildScriptCaches (34ms)
			SetupLoadedEditorAssemblies (261ms)
				LogAssemblyErrors (0ms)
				InitializePlatformSupportModulesInManaged (5ms)
				SetLoadedEditorAssemblies (0ms)
				RefreshPlugins (0ms)
				BeforeProcessingInitializeOnLoad (71ms)
				ProcessInitializeOnLoadAttributes (164ms)
				ProcessInitializeOnLoadMethodAttributes (9ms)
				AfterProcessingInitializeOnLoad (12ms)
				EditorAssembliesLoaded (0ms)
			ExecutionOrderSort2 (0ms)
			AwakeInstancesAfterBackupRestoration (8ms)
Platform modules already initialized, skipping
Refreshing native plugins compatible for Editor in 0.56 ms, found 3 plugins.
Preloading 0 native plugins for Editor in 0.00 ms.
Unloading 2183 Unused Serialized files (Serialized files now loaded: 0)
System memory in use before: 98.8 MB.
System memory in use after: 98.9 MB.

Unloading 17 unused Assets to reduce memory usage. Loaded Objects now: 2675.
Total: 2.443500 ms (FindLiveObjects: 0.150700 ms CreateObjectMapping: 0.072600 ms MarkObjects: 2.206400 ms  DeleteObjects: 0.013200 ms)

AssetImportParameters requested are different than current active one (requested -> active):
  custom:framework-win-MediaFoundation: 216162199b28c13a410421893ffa2e32 -> 
  custom:video-decoder-ogg-theora: a1e56fd34408186e4bbccfd4996cb3dc -> 
  custom:container-muxer-webm: aa71ff27fc2769a1b78a27578f13a17b -> 
  custom:container-demuxer-webm: 4f35f7cbe854078d1ac9338744f61a02 -> 
  custom:container-demuxer-ogg: 62fdf1f143b41e24485cea50d1cbac27 -> 
  custom:video-encoder-webm-vp8: eb34c28f22e8b96e1ab97ce403110664 -> 
  custom:video-decoder-webm-vp8: 9c59270c3fd7afecdb556c50c9e8de78 -> 
  custom:audio-decoder-ogg-vorbis: bf7c407c2cedff20999df2af8eb42d56 -> 
  custom:audio-encoder-webm-vorbis: bf7c407c2cedff20999df2af8eb42d56 -> 
========================================================================
Received Prepare
Registering precompiled user dll's ...
Registered in 0.006452 seconds.
Begin MonoManager ReloadAssembly
Native extension for WindowsStandalone target not found
Native extension for WebGL target not found
Refreshing native plugins compatible for Editor in 0.42 ms, found 3 plugins.
Preloading 0 native plugins for Editor in 0.00 ms.
Mono: successfully reloaded assembly
- Completed reload, in  0.870 seconds
Domain Reload Profiling:
	ReloadAssembly (871ms)
		BeginReloadAssembly (114ms)
			ExecutionOrderSort (0ms)
			DisableScriptedObjects (5ms)
			BackupInstance (0ms)
			ReleaseScriptingObjects (0ms)
			CreateAndSetChildDomain (24ms)
		EndReloadAssembly (696ms)
			LoadAssemblies (92ms)
			RebuildTransferFunctionScriptingTraits (0ms)
			SetupTypeCache (239ms)
			ReleaseScriptCaches (1ms)
			RebuildScriptCaches (34ms)
			SetupLoadedEditorAssemblies (253ms)
				LogAssemblyErrors (0ms)
				InitializePlatformSupportModulesInManaged (5ms)
				SetLoadedEditorAssemblies (0ms)
				RefreshPlugins (0ms)
				BeforeProcessingInitializeOnLoad (68ms)
				ProcessInitializeOnLoadAttributes (159ms)
				ProcessInitializeOnLoadMethodAttributes (9ms)
				AfterProcessingInitializeOnLoad (12ms)
				EditorAssembliesLoaded (0ms)
			ExecutionOrderSort2 (0ms)
			AwakeInstancesAfterBackupRestoration (7ms)
Platform modules already initialized, skipping
Refreshing native plugins compatible for Editor in 0.41 ms, found 3 plugins.
Preloading 0 native plugins for Editor in 0.00 ms.
Unloading 2183 Unused Serialized files (Serialized files now loaded: 0)
System memory in use before: 98.8 MB.
System memory in use after: 98.9 MB.

Unloading 17 unused Assets to reduce memory usage. Loaded Objects now: 2677.
Total: 2.745100 ms (FindLiveObjects: 0.124500 ms CreateObjectMapping: 0.059100 ms MarkObjects: 2.511400 ms  DeleteObjects: 0.049300 ms)

AssetImportParameters requested are different than current active one (requested -> active):
  custom:framework-win-MediaFoundation: 216162199b28c13a410421893ffa2e32 -> 
  custom:video-decoder-ogg-theora: a1e56fd34408186e4bbccfd4996cb3dc -> 
  custom:container-muxer-webm: aa71ff27fc2769a1b78a27578f13a17b -> 
  custom:container-demuxer-webm: 4f35f7cbe854078d1ac9338744f61a02 -> 
  custom:container-demuxer-ogg: 62fdf1f143b41e24485cea50d1cbac27 -> 
  custom:video-encoder-webm-vp8: eb34c28f22e8b96e1ab97ce403110664 -> 
  custom:video-decoder-webm-vp8: 9c59270c3fd7afecdb556c50c9e8de78 -> 
  custom:audio-decoder-ogg-vorbis: bf7c407c2cedff20999df2af8eb42d56 -> 
  custom:audio-encoder-webm-vorbis: bf7c407c2cedff20999df2af8eb42d56 -> 
========================================================================
Received Import Request.
  Time since last request: 731.818561 seconds.
  path: Assets/動畫/騎士.controller
  artifactKey: Guid(1bba92e1592e7c748992b6b232df6472) Importer(815301076,1909f56bfc062723c751e8b465ee728b)
Start importing Assets/動畫/騎士.controller using Guid(1bba92e1592e7c748992b6b232df6472) Importer(815301076,1909f56bfc062723c751e8b465ee728b)  -> (artifact id: 'edb18934df0b0331dc13009fc32faa60') in 0.014847 seconds 
  Import took 0.018289 seconds .

========================================================================
Received Prepare
Registering precompiled user dll's ...
Registered in 0.005595 seconds.
Begin MonoManager ReloadAssembly
Native extension for WindowsStandalone target not found
Native extension for WebGL target not found
Refreshing native plugins compatible for Editor in 0.44 ms, found 3 plugins.
Preloading 0 native plugins for Editor in 0.00 ms.
Mono: successfully reloaded assembly
- Completed reload, in  0.894 seconds
Domain Reload Profiling:
	ReloadAssembly (894ms)
		BeginReloadAssembly (113ms)
			ExecutionOrderSort (0ms)
			DisableScriptedObjects (5ms)
			BackupInstance (0ms)
			ReleaseScriptingObjects (0ms)
			CreateAndSetChildDomain (25ms)
		EndReloadAssembly (720ms)
			LoadAssemblies (94ms)
			RebuildTransferFunctionScriptingTraits (0ms)
			SetupTypeCache (253ms)
			ReleaseScriptCaches (1ms)
			RebuildScriptCaches (35ms)
			SetupLoadedEditorAssemblies (259ms)
				LogAssemblyErrors (0ms)
				InitializePlatformSupportModulesInManaged (5ms)
				SetLoadedEditorAssemblies (0ms)
				RefreshPlugins (0ms)
				BeforeProcessingInitializeOnLoad (69ms)
				ProcessInitializeOnLoadAttributes (162ms)
				ProcessInitializeOnLoadMethodAttributes (9ms)
				AfterProcessingInitializeOnLoad (12ms)
				EditorAssembliesLoaded (0ms)
			ExecutionOrderSort2 (0ms)
			AwakeInstancesAfterBackupRestoration (7ms)
Platform modules already initialized, skipping
Refreshing native plugins compatible for Editor in 0.48 ms, found 3 plugins.
Preloading 0 native plugins for Editor in 0.00 ms.
Unloading 2183 Unused Serialized files (Serialized files now loaded: 0)
System memory in use before: 98.8 MB.
System memory in use after: 98.9 MB.

Unloading 17 unused Assets to reduce memory usage. Loaded Objects now: 2679.
Total: 2.430000 ms (FindLiveObjects: 0.142000 ms CreateObjectMapping: 0.067500 ms MarkObjects: 2.206100 ms  DeleteObjects: 0.013400 ms)

AssetImportParameters requested are different than current active one (requested -> active):
  custom:framework-win-MediaFoundation: 216162199b28c13a410421893ffa2e32 -> 
  custom:video-decoder-ogg-theora: a1e56fd34408186e4bbccfd4996cb3dc -> 
  custom:container-muxer-webm: aa71ff27fc2769a1b78a27578f13a17b -> 
  custom:container-demuxer-webm: 4f35f7cbe854078d1ac9338744f61a02 -> 
  custom:container-demuxer-ogg: 62fdf1f143b41e24485cea50d1cbac27 -> 
  custom:video-encoder-webm-vp8: eb34c28f22e8b96e1ab97ce403110664 -> 
  custom:video-decoder-webm-vp8: 9c59270c3fd7afecdb556c50c9e8de78 -> 
  custom:audio-decoder-ogg-vorbis: bf7c407c2cedff20999df2af8eb42d56 -> 
  custom:audio-encoder-webm-vorbis: bf7c407c2cedff20999df2af8eb42d56 -> 
========================================================================
Received Prepare
Registering precompiled user dll's ...
Registered in 0.005569 seconds.
Begin MonoManager ReloadAssembly
Native extension for WindowsStandalone target not found
Native extension for WebGL target not found
Refreshing native plugins compatible for Editor in 0.43 ms, found 3 plugins.
Preloading 0 native plugins for Editor in 0.00 ms.
Mono: successfully reloaded assembly
- Completed reload, in  0.880 seconds
Domain Reload Profiling:
	ReloadAssembly (881ms)
		BeginReloadAssembly (107ms)
			ExecutionOrderSort (0ms)
			DisableScriptedObjects (5ms)
			BackupInstance (0ms)
			ReleaseScriptingObjects (0ms)
			CreateAndSetChildDomain (25ms)
		EndReloadAssembly (711ms)
			LoadAssemblies (95ms)
			RebuildTransferFunctionScriptingTraits (0ms)
			SetupTypeCache (246ms)
			ReleaseScriptCaches (1ms)
			RebuildScriptCaches (34ms)
			SetupLoadedEditorAssemblies (260ms)
				LogAssemblyErrors (0ms)
				InitializePlatformSupportModulesInManaged (5ms)
				SetLoadedEditorAssemblies (0ms)
				RefreshPlugins (0ms)
				BeforeProcessingInitializeOnLoad (69ms)
				ProcessInitializeOnLoadAttributes (165ms)
				ProcessInitializeOnLoadMethodAttributes (9ms)
				AfterProcessingInitializeOnLoad (12ms)
				EditorAssembliesLoaded (0ms)
			ExecutionOrderSort2 (0ms)
			AwakeInstancesAfterBackupRestoration (7ms)
Platform modules already initialized, skipping
Refreshing native plugins compatible for Editor in 0.40 ms, found 3 plugins.
Preloading 0 native plugins for Editor in 0.00 ms.
Unloading 2183 Unused Serialized files (Serialized files now loaded: 0)
System memory in use before: 98.8 MB.
System memory in use after: 98.9 MB.

Unloading 17 unused Assets to reduce memory usage. Loaded Objects now: 2681.
Total: 2.276200 ms (FindLiveObjects: 0.131900 ms CreateObjectMapping: 0.068200 ms MarkObjects: 2.064300 ms  DeleteObjects: 0.011100 ms)

AssetImportParameters requested are different than current active one (requested -> active):
  custom:framework-win-MediaFoundation: 216162199b28c13a410421893ffa2e32 -> 
  custom:video-decoder-ogg-theora: a1e56fd34408186e4bbccfd4996cb3dc -> 
  custom:container-muxer-webm: aa71ff27fc2769a1b78a27578f13a17b -> 
  custom:container-demuxer-webm: 4f35f7cbe854078d1ac9338744f61a02 -> 
  custom:container-demuxer-ogg: 62fdf1f143b41e24485cea50d1cbac27 -> 
  custom:video-encoder-webm-vp8: eb34c28f22e8b96e1ab97ce403110664 -> 
  custom:video-decoder-webm-vp8: 9c59270c3fd7afecdb556c50c9e8de78 -> 
  custom:audio-decoder-ogg-vorbis: bf7c407c2cedff20999df2af8eb42d56 -> 
  custom:audio-encoder-webm-vorbis: bf7c407c2cedff20999df2af8eb42d56 -> 
========================================================================
Received Prepare
Registering precompiled user dll's ...
Registered in 0.005458 seconds.
Begin MonoManager ReloadAssembly
Native extension for WindowsStandalone target not found
Native extension for WebGL target not found
Refreshing native plugins compatible for Editor in 0.42 ms, found 3 plugins.
Preloading 0 native plugins for Editor in 0.00 ms.
Mono: successfully reloaded assembly
- Completed reload, in  0.880 seconds
Domain Reload Profiling:
	ReloadAssembly (881ms)
		BeginReloadAssembly (112ms)
			ExecutionOrderSort (0ms)
			DisableScriptedObjects (5ms)
			BackupInstance (0ms)
			ReleaseScriptingObjects (0ms)
			CreateAndSetChildDomain (25ms)
		EndReloadAssembly (707ms)
			LoadAssemblies (94ms)
			RebuildTransferFunctionScriptingTraits (0ms)
			SetupTypeCache (241ms)
			ReleaseScriptCaches (1ms)
			RebuildScriptCaches (34ms)
			SetupLoadedEditorAssemblies (260ms)
				LogAssemblyErrors (0ms)
				InitializePlatformSupportModulesInManaged (5ms)
				SetLoadedEditorAssemblies (0ms)
				RefreshPlugins (0ms)
				BeforeProcessingInitializeOnLoad (68ms)
				ProcessInitializeOnLoadAttributes (165ms)
				ProcessInitializeOnLoadMethodAttributes (9ms)
				AfterProcessingInitializeOnLoad (12ms)
				EditorAssembliesLoaded (0ms)
			ExecutionOrderSort2 (0ms)
			AwakeInstancesAfterBackupRestoration (7ms)
Platform modules already initialized, skipping
Refreshing native plugins compatible for Editor in 0.49 ms, found 3 plugins.
Preloading 0 native plugins for Editor in 0.00 ms.
Unloading 2183 Unused Serialized files (Serialized files now loaded: 0)
System memory in use before: 98.8 MB.
System memory in use after: 98.9 MB.

Unloading 17 unused Assets to reduce memory usage. Loaded Objects now: 2683.
Total: 2.373400 ms (FindLiveObjects: 0.139100 ms CreateObjectMapping: 0.064600 ms MarkObjects: 2.122200 ms  DeleteObjects: 0.046900 ms)

AssetImportParameters requested are different than current active one (requested -> active):
  custom:framework-win-MediaFoundation: 216162199b28c13a410421893ffa2e32 -> 
  custom:video-decoder-ogg-theora: a1e56fd34408186e4bbccfd4996cb3dc -> 
  custom:container-muxer-webm: aa71ff27fc2769a1b78a27578f13a17b -> 
  custom:container-demuxer-webm: 4f35f7cbe854078d1ac9338744f61a02 -> 
  custom:container-demuxer-ogg: 62fdf1f143b41e24485cea50d1cbac27 -> 
  custom:video-encoder-webm-vp8: eb34c28f22e8b96e1ab97ce403110664 -> 
  custom:video-decoder-webm-vp8: 9c59270c3fd7afecdb556c50c9e8de78 -> 
  custom:audio-decoder-ogg-vorbis: bf7c407c2cedff20999df2af8eb42d56 -> 
  custom:audio-encoder-webm-vorbis: bf7c407c2cedff20999df2af8eb42d56 -> 
========================================================================
Received Prepare
Registering precompiled user dll's ...
Registered in 0.005476 seconds.
Begin MonoManager ReloadAssembly
Native extension for WindowsStandalone target not found
Native extension for WebGL target not found
Refreshing native plugins compatible for Editor in 0.41 ms, found 3 plugins.
Preloading 0 native plugins for Editor in 0.00 ms.
Mono: successfully reloaded assembly
- Completed reload, in  0.887 seconds
Domain Reload Profiling:
	ReloadAssembly (888ms)
		BeginReloadAssembly (113ms)
			ExecutionOrderSort (0ms)
			DisableScriptedObjects (5ms)
			BackupInstance (0ms)
			ReleaseScriptingObjects (0ms)
			CreateAndSetChildDomain (25ms)
		EndReloadAssembly (713ms)
			LoadAssemblies (100ms)
			RebuildTransferFunctionScriptingTraits (0ms)
			SetupTypeCache (244ms)
			ReleaseScriptCaches (1ms)
			RebuildScriptCaches (34ms)
			SetupLoadedEditorAssemblies (262ms)
				LogAssemblyErrors (0ms)
				InitializePlatformSupportModulesInManaged (5ms)
				SetLoadedEditorAssemblies (0ms)
				RefreshPlugins (0ms)
				BeforeProcessingInitializeOnLoad (68ms)
				ProcessInitializeOnLoadAttributes (166ms)
				ProcessInitializeOnLoadMethodAttributes (10ms)
				AfterProcessingInitializeOnLoad (12ms)
				EditorAssembliesLoaded (0ms)
			ExecutionOrderSort2 (0ms)
			AwakeInstancesAfterBackupRestoration (8ms)
Platform modules already initialized, skipping
Refreshing native plugins compatible for Editor in 0.56 ms, found 3 plugins.
Preloading 0 native plugins for Editor in 0.00 ms.
Unloading 2183 Unused Serialized files (Serialized files now loaded: 0)
System memory in use before: 98.8 MB.
System memory in use after: 98.9 MB.

Unloading 17 unused Assets to reduce memory usage. Loaded Objects now: 2685.
Total: 2.325000 ms (FindLiveObjects: 0.138400 ms CreateObjectMapping: 0.069300 ms MarkObjects: 2.104500 ms  DeleteObjects: 0.012300 ms)

AssetImportParameters requested are different than current active one (requested -> active):
  custom:framework-win-MediaFoundation: 216162199b28c13a410421893ffa2e32 -> 
  custom:video-decoder-ogg-theora: a1e56fd34408186e4bbccfd4996cb3dc -> 
  custom:container-muxer-webm: aa71ff27fc2769a1b78a27578f13a17b -> 
  custom:container-demuxer-webm: 4f35f7cbe854078d1ac9338744f61a02 -> 
  custom:container-demuxer-ogg: 62fdf1f143b41e24485cea50d1cbac27 -> 
  custom:video-encoder-webm-vp8: eb34c28f22e8b96e1ab97ce403110664 -> 
  custom:video-decoder-webm-vp8: 9c59270c3fd7afecdb556c50c9e8de78 -> 
  custom:audio-decoder-ogg-vorbis: bf7c407c2cedff20999df2af8eb42d56 -> 
  custom:audio-encoder-webm-vorbis: bf7c407c2cedff20999df2af8eb42d56 -> 
========================================================================
Received Prepare
Registering precompiled user dll's ...
Registered in 0.005377 seconds.
Begin MonoManager ReloadAssembly
Native extension for WindowsStandalone target not found
Native extension for WebGL target not found
Refreshing native plugins compatible for Editor in 0.41 ms, found 3 plugins.
Preloading 0 native plugins for Editor in 0.00 ms.
Mono: successfully reloaded assembly
- Completed reload, in  0.899 seconds
Domain Reload Profiling:
	ReloadAssembly (900ms)
		BeginReloadAssembly (113ms)
			ExecutionOrderSort (0ms)
			DisableScriptedObjects (5ms)
			BackupInstance (0ms)
			ReleaseScriptingObjects (0ms)
			CreateAndSetChildDomain (24ms)
		EndReloadAssembly (724ms)
			LoadAssemblies (93ms)
			RebuildTransferFunctionScriptingTraits (0ms)
			SetupTypeCache (255ms)
			ReleaseScriptCaches (1ms)
			RebuildScriptCaches (34ms)
			SetupLoadedEditorAssemblies (262ms)
				LogAssemblyErrors (0ms)
				InitializePlatformSupportModulesInManaged (5ms)
				SetLoadedEditorAssemblies (0ms)
				RefreshPlugins (0ms)
				BeforeProcessingInitializeOnLoad (69ms)
				ProcessInitializeOnLoadAttributes (165ms)
				ProcessInitializeOnLoadMethodAttributes (9ms)
				AfterProcessingInitializeOnLoad (12ms)
				EditorAssembliesLoaded (0ms)
			ExecutionOrderSort2 (0ms)
			AwakeInstancesAfterBackupRestoration (7ms)
Platform modules already initialized, skipping
Refreshing native plugins compatible for Editor in 0.46 ms, found 3 plugins.
Preloading 0 native plugins for Editor in 0.00 ms.
Unloading 2183 Unused Serialized files (Serialized files now loaded: 0)
System memory in use before: 98.8 MB.
System memory in use after: 98.9 MB.

Unloading 17 unused Assets to reduce memory usage. Loaded Objects now: 2687.
Total: 2.655000 ms (FindLiveObjects: 0.151400 ms CreateObjectMapping: 0.073500 ms MarkObjects: 2.414300 ms  DeleteObjects: 0.015100 ms)

AssetImportParameters requested are different than current active one (requested -> active):
  custom:framework-win-MediaFoundation: 216162199b28c13a410421893ffa2e32 -> 
  custom:video-decoder-ogg-theora: a1e56fd34408186e4bbccfd4996cb3dc -> 
  custom:container-muxer-webm: aa71ff27fc2769a1b78a27578f13a17b -> 
  custom:container-demuxer-webm: 4f35f7cbe854078d1ac9338744f61a02 -> 
  custom:container-demuxer-ogg: 62fdf1f143b41e24485cea50d1cbac27 -> 
  custom:video-encoder-webm-vp8: eb34c28f22e8b96e1ab97ce403110664 -> 
  custom:video-decoder-webm-vp8: 9c59270c3fd7afecdb556c50c9e8de78 -> 
  custom:audio-decoder-ogg-vorbis: bf7c407c2cedff20999df2af8eb42d56 -> 
  custom:audio-encoder-webm-vorbis: bf7c407c2cedff20999df2af8eb42d56 -> 
========================================================================
Received Prepare
Registering precompiled user dll's ...
Registered in 0.005877 seconds.
Begin MonoManager ReloadAssembly
Native extension for WindowsStandalone target not found
Native extension for WebGL target not found
Refreshing native plugins compatible for Editor in 0.41 ms, found 3 plugins.
Preloading 0 native plugins for Editor in 0.00 ms.
Mono: successfully reloaded assembly
- Completed reload, in  0.875 seconds
Domain Reload Profiling:
	ReloadAssembly (875ms)
		BeginReloadAssembly (112ms)
			ExecutionOrderSort (0ms)
			DisableScriptedObjects (5ms)
			BackupInstance (0ms)
			ReleaseScriptingObjects (0ms)
			CreateAndSetChildDomain (26ms)
		EndReloadAssembly (701ms)
			LoadAssemblies (94ms)
			RebuildTransferFunctionScriptingTraits (0ms)
			SetupTypeCache (240ms)
			ReleaseScriptCaches (1ms)
			RebuildScriptCaches (35ms)
			SetupLoadedEditorAssemblies (258ms)
				LogAssemblyErrors (0ms)
				InitializePlatformSupportModulesInManaged (5ms)
				SetLoadedEditorAssemblies (0ms)
				RefreshPlugins (0ms)
				BeforeProcessingInitializeOnLoad (68ms)
				ProcessInitializeOnLoadAttributes (164ms)
				ProcessInitializeOnLoadMethodAttributes (9ms)
				AfterProcessingInitializeOnLoad (12ms)
				EditorAssembliesLoaded (0ms)
			ExecutionOrderSort2 (0ms)
			AwakeInstancesAfterBackupRestoration (7ms)
Platform modules already initialized, skipping
Refreshing native plugins compatible for Editor in 0.44 ms, found 3 plugins.
Preloading 0 native plugins for Editor in 0.00 ms.
Unloading 2183 Unused Serialized files (Serialized files now loaded: 0)
System memory in use before: 98.8 MB.
System memory in use after: 98.9 MB.

Unloading 17 unused Assets to reduce memory usage. Loaded Objects now: 2689.
Total: 2.399000 ms (FindLiveObjects: 0.139000 ms CreateObjectMapping: 0.118500 ms MarkObjects: 2.125700 ms  DeleteObjects: 0.015100 ms)

AssetImportParameters requested are different than current active one (requested -> active):
  custom:framework-win-MediaFoundation: 216162199b28c13a410421893ffa2e32 -> 
  custom:video-decoder-ogg-theora: a1e56fd34408186e4bbccfd4996cb3dc -> 
  custom:container-muxer-webm: aa71ff27fc2769a1b78a27578f13a17b -> 
  custom:container-demuxer-webm: 4f35f7cbe854078d1ac9338744f61a02 -> 
  custom:container-demuxer-ogg: 62fdf1f143b41e24485cea50d1cbac27 -> 
  custom:video-encoder-webm-vp8: eb34c28f22e8b96e1ab97ce403110664 -> 
  custom:video-decoder-webm-vp8: 9c59270c3fd7afecdb556c50c9e8de78 -> 
  custom:audio-decoder-ogg-vorbis: bf7c407c2cedff20999df2af8eb42d56 -> 
  custom:audio-encoder-webm-vorbis: bf7c407c2cedff20999df2af8eb42d56 -> 
========================================================================
Received Import Request.
  Time since last request: 941.779619 seconds.
  path: Assets/動畫/騎士.controller
  artifactKey: Guid(1bba92e1592e7c748992b6b232df6472) Importer(815301076,1909f56bfc062723c751e8b465ee728b)
Start importing Assets/動畫/騎士.controller using Guid(1bba92e1592e7c748992b6b232df6472) Importer(815301076,1909f56bfc062723c751e8b465ee728b)  -> (artifact id: 'f6b48cf36dcfecd1eef92c295e42e68f') in 0.015664 seconds 
  Import took 0.018754 seconds .

========================================================================
Received Prepare
Registering precompiled user dll's ...
Registered in 0.005336 seconds.
Begin MonoManager ReloadAssembly
Native extension for WindowsStandalone target not found
Native extension for WebGL target not found
Refreshing native plugins compatible for Editor in 0.42 ms, found 3 plugins.
Preloading 0 native plugins for Editor in 0.00 ms.
Mono: successfully reloaded assembly
- Completed reload, in  0.882 seconds
Domain Reload Profiling:
	ReloadAssembly (882ms)
		BeginReloadAssembly (110ms)
			ExecutionOrderSort (0ms)
			DisableScriptedObjects (5ms)
			BackupInstance (0ms)
			ReleaseScriptingObjects (0ms)
			CreateAndSetChildDomain (24ms)
		EndReloadAssembly (711ms)
			LoadAssemblies (92ms)
			RebuildTransferFunctionScriptingTraits (0ms)
			SetupTypeCache (248ms)
			ReleaseScriptCaches (1ms)
			RebuildScriptCaches (34ms)
			SetupLoadedEditorAssemblies (260ms)
				LogAssemblyErrors (0ms)
				InitializePlatformSupportModulesInManaged (5ms)
				SetLoadedEditorAssemblies (0ms)
				RefreshPlugins (0ms)
				BeforeProcessingInitializeOnLoad (68ms)
				ProcessInitializeOnLoadAttributes (165ms)
				ProcessInitializeOnLoadMethodAttributes (9ms)
				AfterProcessingInitializeOnLoad (12ms)
				EditorAssembliesLoaded (0ms)
			ExecutionOrderSort2 (0ms)
			AwakeInstancesAfterBackupRestoration (7ms)
Platform modules already initialized, skipping
Refreshing native plugins compatible for Editor in 0.47 ms, found 3 plugins.
Preloading 0 native plugins for Editor in 0.00 ms.
Unloading 2183 Unused Serialized files (Serialized files now loaded: 0)
System memory in use before: 98.8 MB.
System memory in use after: 98.9 MB.

Unloading 17 unused Assets to reduce memory usage. Loaded Objects now: 2691.
Total: 2.409600 ms (FindLiveObjects: 0.141800 ms CreateObjectMapping: 0.068300 ms MarkObjects: 2.186500 ms  DeleteObjects: 0.012300 ms)

AssetImportParameters requested are different than current active one (requested -> active):
  custom:framework-win-MediaFoundation: 216162199b28c13a410421893ffa2e32 -> 
  custom:video-decoder-ogg-theora: a1e56fd34408186e4bbccfd4996cb3dc -> 
  custom:container-muxer-webm: aa71ff27fc2769a1b78a27578f13a17b -> 
  custom:container-demuxer-webm: 4f35f7cbe854078d1ac9338744f61a02 -> 
  custom:container-demuxer-ogg: 62fdf1f143b41e24485cea50d1cbac27 -> 
  custom:video-encoder-webm-vp8: eb34c28f22e8b96e1ab97ce403110664 -> 
  custom:video-decoder-webm-vp8: 9c59270c3fd7afecdb556c50c9e8de78 -> 
  custom:audio-decoder-ogg-vorbis: bf7c407c2cedff20999df2af8eb42d56 -> 
  custom:audio-encoder-webm-vorbis: bf7c407c2cedff20999df2af8eb42d56 -> 
========================================================================
Received Prepare
Registering precompiled user dll's ...
Registered in 0.005291 seconds.
Begin MonoManager ReloadAssembly
Native extension for WindowsStandalone target not found
Native extension for WebGL target not found
Refreshing native plugins compatible for Editor in 0.42 ms, found 3 plugins.
Preloading 0 native plugins for Editor in 0.00 ms.
Mono: successfully reloaded assembly
- Completed reload, in  0.872 seconds
Domain Reload Profiling:
	ReloadAssembly (872ms)
		BeginReloadAssembly (111ms)
			ExecutionOrderSort (0ms)
			DisableScriptedObjects (5ms)
			BackupInstance (0ms)
			ReleaseScriptingObjects (0ms)
			CreateAndSetChildDomain (24ms)
		EndReloadAssembly (698ms)
			LoadAssemblies (92ms)
			RebuildTransferFunctionScriptingTraits (0ms)
			SetupTypeCache (243ms)
			ReleaseScriptCaches (1ms)
			RebuildScriptCaches (33ms)
			SetupLoadedEditorAssemblies (254ms)
				LogAssemblyErrors (0ms)
				InitializePlatformSupportModulesInManaged (4ms)
				SetLoadedEditorAssemblies (0ms)
				RefreshPlugins (0ms)
				BeforeProcessingInitializeOnLoad (66ms)
				ProcessInitializeOnLoadAttributes (161ms)
				ProcessInitializeOnLoadMethodAttributes (9ms)
				AfterProcessingInitializeOnLoad (12ms)
				EditorAssembliesLoaded (0ms)
			ExecutionOrderSort2 (0ms)
			AwakeInstancesAfterBackupRestoration (7ms)
Platform modules already initialized, skipping
Refreshing native plugins compatible for Editor in 0.42 ms, found 3 plugins.
Preloading 0 native plugins for Editor in 0.00 ms.
Unloading 2183 Unused Serialized files (Serialized files now loaded: 0)
System memory in use before: 98.8 MB.
System memory in use after: 98.9 MB.

Unloading 17 unused Assets to reduce memory usage. Loaded Objects now: 2693.
Total: 2.353100 ms (FindLiveObjects: 0.129100 ms CreateObjectMapping: 0.061200 ms MarkObjects: 2.150700 ms  DeleteObjects: 0.011400 ms)

AssetImportParameters requested are different than current active one (requested -> active):
  custom:framework-win-MediaFoundation: 216162199b28c13a410421893ffa2e32 -> 
  custom:video-decoder-ogg-theora: a1e56fd34408186e4bbccfd4996cb3dc -> 
  custom:container-muxer-webm: aa71ff27fc2769a1b78a27578f13a17b -> 
  custom:container-demuxer-webm: 4f35f7cbe854078d1ac9338744f61a02 -> 
  custom:container-demuxer-ogg: 62fdf1f143b41e24485cea50d1cbac27 -> 
  custom:video-encoder-webm-vp8: eb34c28f22e8b96e1ab97ce403110664 -> 
  custom:video-decoder-webm-vp8: 9c59270c3fd7afecdb556c50c9e8de78 -> 
  custom:audio-decoder-ogg-vorbis: bf7c407c2cedff20999df2af8eb42d56 -> 
  custom:audio-encoder-webm-vorbis: bf7c407c2cedff20999df2af8eb42d56 -> 
========================================================================
Received Import Request.
  Time since last request: 378.557569 seconds.
  path: Assets/動畫/騎士.controller
  artifactKey: Guid(1bba92e1592e7c748992b6b232df6472) Importer(815301076,1909f56bfc062723c751e8b465ee728b)
Start importing Assets/動畫/騎士.controller using Guid(1bba92e1592e7c748992b6b232df6472) Importer(815301076,1909f56bfc062723c751e8b465ee728b)  -> (artifact id: '6a5c9b8f8fa71f05c0ea6bd68277dbdb') in 0.013720 seconds 
  Import took 0.016944 seconds .

========================================================================
Received Prepare
Registering precompiled user dll's ...
Registered in 0.006741 seconds.
Begin MonoManager ReloadAssembly
Native extension for WindowsStandalone target not found
Native extension for WebGL target not found
Refreshing native plugins compatible for Editor in 0.43 ms, found 3 plugins.
Preloading 0 native plugins for Editor in 0.00 ms.
Mono: successfully reloaded assembly
- Completed reload, in  1.047 seconds
Domain Reload Profiling:
	ReloadAssembly (1047ms)
		BeginReloadAssembly (134ms)
			ExecutionOrderSort (0ms)
			DisableScriptedObjects (6ms)
			BackupInstance (0ms)
			ReleaseScriptingObjects (0ms)
			CreateAndSetChildDomain (29ms)
		EndReloadAssembly (840ms)
			LoadAssemblies (114ms)
			RebuildTransferFunctionScriptingTraits (0ms)
			SetupTypeCache (289ms)
			ReleaseScriptCaches (1ms)
			RebuildScriptCaches (40ms)
			SetupLoadedEditorAssemblies (306ms)
				LogAssemblyErrors (0ms)
				InitializePlatformSupportModulesInManaged (6ms)
				SetLoadedEditorAssemblies (0ms)
				RefreshPlugins (0ms)
				BeforeProcessingInitializeOnLoad (81ms)
				ProcessInitializeOnLoadAttributes (194ms)
				ProcessInitializeOnLoadMethodAttributes (11ms)
				AfterProcessingInitializeOnLoad (14ms)
				EditorAssembliesLoaded (0ms)
			ExecutionOrderSort2 (0ms)
			AwakeInstancesAfterBackupRestoration (9ms)
Platform modules already initialized, skipping
Refreshing native plugins compatible for Editor in 0.53 ms, found 3 plugins.
Preloading 0 native plugins for Editor in 0.00 ms.
Unloading 2183 Unused Serialized files (Serialized files now loaded: 0)
System memory in use before: 98.7 MB.
System memory in use after: 98.9 MB.

Unloading 17 unused Assets to reduce memory usage. Loaded Objects now: 2695.
Total: 3.206500 ms (FindLiveObjects: 0.435600 ms CreateObjectMapping: 0.122500 ms MarkObjects: 2.606500 ms  DeleteObjects: 0.040900 ms)

AssetImportParameters requested are different than current active one (requested -> active):
  custom:framework-win-MediaFoundation: 216162199b28c13a410421893ffa2e32 -> 
  custom:video-decoder-ogg-theora: a1e56fd34408186e4bbccfd4996cb3dc -> 
  custom:container-muxer-webm: aa71ff27fc2769a1b78a27578f13a17b -> 
  custom:container-demuxer-webm: 4f35f7cbe854078d1ac9338744f61a02 -> 
  custom:container-demuxer-ogg: 62fdf1f143b41e24485cea50d1cbac27 -> 
  custom:video-encoder-webm-vp8: eb34c28f22e8b96e1ab97ce403110664 -> 
  custom:video-decoder-webm-vp8: 9c59270c3fd7afecdb556c50c9e8de78 -> 
  custom:audio-decoder-ogg-vorbis: bf7c407c2cedff20999df2af8eb42d56 -> 
  custom:audio-encoder-webm-vorbis: bf7c407c2cedff20999df2af8eb42d56 -> 
========================================================================
Received Prepare
Registering precompiled user dll's ...
Registered in 0.005956 seconds.
Begin MonoManager ReloadAssembly
Native extension for WindowsStandalone target not found
Native extension for WebGL target not found
Refreshing native plugins compatible for Editor in 0.45 ms, found 3 plugins.
Preloading 0 native plugins for Editor in 0.00 ms.
Mono: successfully reloaded assembly
- Completed reload, in  0.876 seconds
Domain Reload Profiling:
	ReloadAssembly (877ms)
		BeginReloadAssembly (118ms)
			ExecutionOrderSort (0ms)
			DisableScriptedObjects (5ms)
			BackupInstance (0ms)
			ReleaseScriptingObjects (0ms)
			CreateAndSetChildDomain (24ms)
		EndReloadAssembly (698ms)
			LoadAssemblies (94ms)
			RebuildTransferFunctionScriptingTraits (0ms)
			SetupTypeCache (237ms)
			ReleaseScriptCaches (1ms)
			RebuildScriptCaches (34ms)
			SetupLoadedEditorAssemblies (256ms)
				LogAssemblyErrors (0ms)
				InitializePlatformSupportModulesInManaged (5ms)
				SetLoadedEditorAssemblies (1ms)
				RefreshPlugins (0ms)
				BeforeProcessingInitializeOnLoad (68ms)
				ProcessInitializeOnLoadAttributes (161ms)
				ProcessInitializeOnLoadMethodAttributes (9ms)
				AfterProcessingInitializeOnLoad (12ms)
				EditorAssembliesLoaded (0ms)
			ExecutionOrderSort2 (0ms)
			AwakeInstancesAfterBackupRestoration (7ms)
Platform modules already initialized, skipping
Refreshing native plugins compatible for Editor in 0.44 ms, found 3 plugins.
Preloading 0 native plugins for Editor in 0.00 ms.
Unloading 2183 Unused Serialized files (Serialized files now loaded: 0)
System memory in use before: 98.7 MB.
System memory in use after: 98.9 MB.

Unloading 17 unused Assets to reduce memory usage. Loaded Objects now: 2697.
Total: 2.466500 ms (FindLiveObjects: 0.136800 ms CreateObjectMapping: 0.062100 ms MarkObjects: 2.255700 ms  DeleteObjects: 0.011400 ms)

AssetImportParameters requested are different than current active one (requested -> active):
  custom:framework-win-MediaFoundation: 216162199b28c13a410421893ffa2e32 -> 
  custom:video-decoder-ogg-theora: a1e56fd34408186e4bbccfd4996cb3dc -> 
  custom:container-muxer-webm: aa71ff27fc2769a1b78a27578f13a17b -> 
  custom:container-demuxer-webm: 4f35f7cbe854078d1ac9338744f61a02 -> 
  custom:container-demuxer-ogg: 62fdf1f143b41e24485cea50d1cbac27 -> 
  custom:video-encoder-webm-vp8: eb34c28f22e8b96e1ab97ce403110664 -> 
  custom:video-decoder-webm-vp8: 9c59270c3fd7afecdb556c50c9e8de78 -> 
  custom:audio-decoder-ogg-vorbis: bf7c407c2cedff20999df2af8eb42d56 -> 
  custom:audio-encoder-webm-vorbis: bf7c407c2cedff20999df2af8eb42d56 -> 
========================================================================
Received Prepare
Registering precompiled user dll's ...
Registered in 0.005435 seconds.
Begin MonoManager ReloadAssembly
Native extension for WindowsStandalone target not found
Native extension for WebGL target not found
Refreshing native plugins compatible for Editor in 0.42 ms, found 3 plugins.
Preloading 0 native plugins for Editor in 0.00 ms.
Mono: successfully reloaded assembly
- Completed reload, in  0.874 seconds
Domain Reload Profiling:
	ReloadAssembly (875ms)
		BeginReloadAssembly (111ms)
			ExecutionOrderSort (0ms)
			DisableScriptedObjects (5ms)
			BackupInstance (0ms)
			ReleaseScriptingObjects (0ms)
			CreateAndSetChildDomain (25ms)
		EndReloadAssembly (702ms)
			LoadAssemblies (93ms)
			RebuildTransferFunctionScriptingTraits (0ms)
			SetupTypeCache (237ms)
			ReleaseScriptCaches (1ms)
			RebuildScriptCaches (34ms)
			SetupLoadedEditorAssemblies (259ms)
				LogAssemblyErrors (0ms)
				InitializePlatformSupportModulesInManaged (5ms)
				SetLoadedEditorAssemblies (0ms)
				RefreshPlugins (0ms)
				BeforeProcessingInitializeOnLoad (68ms)
				ProcessInitializeOnLoadAttributes (164ms)
				ProcessInitializeOnLoadMethodAttributes (9ms)
				AfterProcessingInitializeOnLoad (12ms)
				EditorAssembliesLoaded (0ms)
			ExecutionOrderSort2 (0ms)
			AwakeInstancesAfterBackupRestoration (7ms)
Platform modules already initialized, skipping
Refreshing native plugins compatible for Editor in 0.48 ms, found 3 plugins.
Preloading 0 native plugins for Editor in 0.00 ms.
Unloading 2183 Unused Serialized files (Serialized files now loaded: 0)
System memory in use before: 98.7 MB.
System memory in use after: 98.9 MB.

Unloading 17 unused Assets to reduce memory usage. Loaded Objects now: 2699.
Total: 2.428100 ms (FindLiveObjects: 0.131800 ms CreateObjectMapping: 0.062900 ms MarkObjects: 2.220500 ms  DeleteObjects: 0.012200 ms)

AssetImportParameters requested are different than current active one (requested -> active):
  custom:framework-win-MediaFoundation: 216162199b28c13a410421893ffa2e32 -> 
  custom:video-decoder-ogg-theora: a1e56fd34408186e4bbccfd4996cb3dc -> 
  custom:container-muxer-webm: aa71ff27fc2769a1b78a27578f13a17b -> 
  custom:container-demuxer-webm: 4f35f7cbe854078d1ac9338744f61a02 -> 
  custom:container-demuxer-ogg: 62fdf1f143b41e24485cea50d1cbac27 -> 
  custom:video-encoder-webm-vp8: eb34c28f22e8b96e1ab97ce403110664 -> 
  custom:video-decoder-webm-vp8: 9c59270c3fd7afecdb556c50c9e8de78 -> 
  custom:audio-decoder-ogg-vorbis: bf7c407c2cedff20999df2af8eb42d56 -> 
  custom:audio-encoder-webm-vorbis: bf7c407c2cedff20999df2af8eb42d56 -> 
AssetImportWorkerClient::OnTransportError - code=2 error=End of file
