Using pre-set license
Built from '2020.3/staging' branch; Version is '2020.3.25f1 (9b9180224418) revision 10195328'; Using compiler version '192528614'; Build Type 'Release'
OS: 'Windows 10  (10.0.19043) 64bit Professional' Language: 'zh' Physical Memory: 16217 MB
BatchMode: 1, IsHumanControllingUs: 0, StartBugReporterOnCrash: 0, Is64bit: 1, IsPro: 0

COMMAND LINE ARGUMENTS:
C:\Program Files\Unity\Hub\Editor\2020.3.25f1\Editor\Unity.exe
-adb2
-batchMode
-noUpm
-name
AssetImportWorker0
-projectPath
C:/Users/user/Desktop/Unity_20220222-0/20220222-0
-logFile
Logs/AssetImportWorker0.log
-srvPort
1606
Successfully changed project path to: C:/Users/user/Desktop/Unity_20220222-0/20220222-0
C:/Users/user/Desktop/Unity_20220222-0/20220222-0
Using Asset Import Pipeline V2.
Refreshing native plugins compatible for Editor in 38.80 ms, found 3 plugins.
Preloading 0 native plugins for Editor in 0.00 ms.
Initialize engine version: 2020.3.25f1 (9b9180224418)
[Subsystems] Discovering subsystems at path C:/Program Files/Unity/Hub/Editor/2020.3.25f1/Editor/Data/Resources/UnitySubsystems
[Subsystems] Discovering subsystems at path C:/Users/user/Desktop/Unity_20220222-0/20220222-0/Assets
GfxDevice: creating device client; threaded=0
Direct3D:
    Version:  Direct3D 11.0 [level 11.1]
    Renderer: NVIDIA GeForce GTX 1650 SUPER (ID=0x2187)
    Vendor:   
    VRAM:     3955 MB
    Driver:   27.21.14.5671
Initialize mono
Mono path[0] = 'C:/Program Files/Unity/Hub/Editor/2020.3.25f1/Editor/Data/Managed'
Mono path[1] = 'C:/Program Files/Unity/Hub/Editor/2020.3.25f1/Editor/Data/MonoBleedingEdge/lib/mono/unityjit'
Mono config path = 'C:/Program Files/Unity/Hub/Editor/2020.3.25f1/Editor/Data/MonoBleedingEdge/etc'
Using monoOptions --debugger-agent=transport=dt_socket,embedding=1,server=y,suspend=n,address=127.0.0.1:56276
Begin MonoManager ReloadAssembly
Registering precompiled unity dll's ...
Register platform support module: C:/Program Files/Unity/Hub/Editor/2020.3.25f1/Editor/Data/PlaybackEngines/WebGLSupport/UnityEditor.WebGL.Extensions.dll
Register platform support module: C:/Program Files/Unity/Hub/Editor/2020.3.25f1/Editor/Data/PlaybackEngines/WindowsStandaloneSupport/UnityEditor.WindowsStandalone.Extensions.dll
Registered in 0.003997 seconds.
Native extension for WindowsStandalone target not found
Native extension for WebGL target not found
Refreshing native plugins compatible for Editor in 35.94 ms, found 3 plugins.
Preloading 0 native plugins for Editor in 0.00 ms.
Mono: successfully reloaded assembly
- Completed reload, in  0.504 seconds
Domain Reload Profiling:
	ReloadAssembly (504ms)
		BeginReloadAssembly (61ms)
			ExecutionOrderSort (0ms)
			DisableScriptedObjects (0ms)
			BackupInstance (0ms)
			ReleaseScriptingObjects (0ms)
			CreateAndSetChildDomain (1ms)
		EndReloadAssembly (375ms)
			LoadAssemblies (57ms)
			RebuildTransferFunctionScriptingTraits (0ms)
			SetupTypeCache (122ms)
			ReleaseScriptCaches (0ms)
			RebuildScriptCaches (25ms)
			SetupLoadedEditorAssemblies (137ms)
				LogAssemblyErrors (0ms)
				InitializePlatformSupportModulesInManaged (5ms)
				SetLoadedEditorAssemblies (0ms)
				RefreshPlugins (36ms)
				BeforeProcessingInitializeOnLoad (7ms)
				ProcessInitializeOnLoadAttributes (67ms)
				ProcessInitializeOnLoadMethodAttributes (22ms)
				AfterProcessingInitializeOnLoad (0ms)
				EditorAssembliesLoaded (0ms)
			ExecutionOrderSort2 (0ms)
			AwakeInstancesAfterBackupRestoration (0ms)
Platform modules already initialized, skipping
Registering precompiled user dll's ...
Registered in 0.005952 seconds.
Begin MonoManager ReloadAssembly
Native extension for WindowsStandalone target not found
Native extension for WebGL target not found
Refreshing native plugins compatible for Editor in 35.05 ms, found 3 plugins.
Preloading 0 native plugins for Editor in 0.00 ms.
Mono: successfully reloaded assembly
- Completed reload, in  0.949 seconds
Domain Reload Profiling:
	ReloadAssembly (950ms)
		BeginReloadAssembly (130ms)
			ExecutionOrderSort (0ms)
			DisableScriptedObjects (4ms)
			BackupInstance (0ms)
			ReleaseScriptingObjects (0ms)
			CreateAndSetChildDomain (14ms)
		EndReloadAssembly (759ms)
			LoadAssemblies (95ms)
			RebuildTransferFunctionScriptingTraits (0ms)
			SetupTypeCache (240ms)
			ReleaseScriptCaches (0ms)
			RebuildScriptCaches (37ms)
			SetupLoadedEditorAssemblies (292ms)
				LogAssemblyErrors (0ms)
				InitializePlatformSupportModulesInManaged (4ms)
				SetLoadedEditorAssemblies (0ms)
				RefreshPlugins (35ms)
				BeforeProcessingInitializeOnLoad (73ms)
				ProcessInitializeOnLoadAttributes (154ms)
				ProcessInitializeOnLoadMethodAttributes (13ms)
				AfterProcessingInitializeOnLoad (12ms)
				EditorAssembliesLoaded (0ms)
			ExecutionOrderSort2 (0ms)
			AwakeInstancesAfterBackupRestoration (5ms)
Platform modules already initialized, skipping
========================================================================
Worker process is ready to serve import requests
Launched and connected shader compiler UnityShaderCompiler.exe after 0.03 seconds
Refreshing native plugins compatible for Editor in 0.45 ms, found 3 plugins.
Preloading 0 native plugins for Editor in 0.00 ms.
Unloading 2194 Unused Serialized files (Serialized files now loaded: 0)
System memory in use before: 95.8 MB.
System memory in use after: 95.9 MB.

Unloading 28 unused Assets to reduce memory usage. Loaded Objects now: 2627.
Total: 2.713600 ms (FindLiveObjects: 0.140300 ms CreateObjectMapping: 0.070300 ms MarkObjects: 2.453700 ms  DeleteObjects: 0.048500 ms)

AssetImportParameters requested are different than current active one (requested -> active):
  custom:framework-win-MediaFoundation: 216162199b28c13a410421893ffa2e32 -> 
  custom:video-decoder-ogg-theora: a1e56fd34408186e4bbccfd4996cb3dc -> 
  custom:container-muxer-webm: aa71ff27fc2769a1b78a27578f13a17b -> 
  custom:container-demuxer-webm: 4f35f7cbe854078d1ac9338744f61a02 -> 
  custom:container-demuxer-ogg: 62fdf1f143b41e24485cea50d1cbac27 -> 
  custom:video-encoder-webm-vp8: eb34c28f22e8b96e1ab97ce403110664 -> 
  custom:video-decoder-webm-vp8: 9c59270c3fd7afecdb556c50c9e8de78 -> 
  custom:audio-decoder-ogg-vorbis: bf7c407c2cedff20999df2af8eb42d56 -> 
  custom:audio-encoder-webm-vorbis: bf7c407c2cedff20999df2af8eb42d56 -> 
========================================================================
Received Import Request.
  path: Assets/圖片素材/First Asset pack .png
  artifactKey: Guid(da7b4cb2a12a9f142ad5ed2ff219deef) Importer(815301076,1909f56bfc062723c751e8b465ee728b)
Start importing Assets/圖片素材/First Asset pack .png using Guid(da7b4cb2a12a9f142ad5ed2ff219deef) Importer(815301076,1909f56bfc062723c751e8b465ee728b)  -> (artifact id: 'f207e4c35d37c09b70146a148cc33084') in 0.697748 seconds 
  Import took 0.701795 seconds .

========================================================================
Received Import Request.
  Time since last request: 0.000203 seconds.
  path: Assets/圖片素材
  artifactKey: Guid(269724abe5de6d147920bc66b26c0fc9) Importer(815301076,1909f56bfc062723c751e8b465ee728b)
Start importing Assets/圖片素材 using Guid(269724abe5de6d147920bc66b26c0fc9) Importer(815301076,1909f56bfc062723c751e8b465ee728b)  -> (artifact id: 'd58401dc18caed9b4840282455a9b1d1') in 0.001649 seconds 
  Import took 0.004319 seconds .

========================================================================
Received Import Request.
  Time since last request: 3148.552712 seconds.
  path: Assets/圖片素材/First Asset pack .png
  artifactKey: Guid(da7b4cb2a12a9f142ad5ed2ff219deef) Importer(815301076,1909f56bfc062723c751e8b465ee728b)
Start importing Assets/圖片素材/First Asset pack .png using Guid(da7b4cb2a12a9f142ad5ed2ff219deef) Importer(815301076,1909f56bfc062723c751e8b465ee728b)  -> (artifact id: '47723a7e94e39c872ecd18bc47e31468') in 0.743614 seconds 
  Import took 0.748180 seconds .

========================================================================
Received Import Request.
  Time since last request: 3269.476969 seconds.
  path: Assets/圖片素材/方形素材.png
  artifactKey: Guid(b2f0c18a54ec2b940a67224fb391dfec) Importer(815301076,1909f56bfc062723c751e8b465ee728b)
Start importing Assets/圖片素材/方形素材.png using Guid(b2f0c18a54ec2b940a67224fb391dfec) Importer(815301076,1909f56bfc062723c751e8b465ee728b)  -> (artifact id: '7e7355229c41ef6f555da098d5122319') in 0.020070 seconds 
  Import took 0.022814 seconds .

========================================================================
Received Import Request.
  Time since last request: 969.301325 seconds.
  path: Assets/setofont
  artifactKey: Guid(b687f7cce37859b4085db01839bdb6f2) Importer(815301076,1909f56bfc062723c751e8b465ee728b)
Start importing Assets/setofont using Guid(b687f7cce37859b4085db01839bdb6f2) Importer(815301076,1909f56bfc062723c751e8b465ee728b)  -> (artifact id: 'b4870cc15853fa69c3c193287116b414') in 0.001771 seconds 
  Import took 0.004769 seconds .

========================================================================
Received Import Request.
  Time since last request: 0.078638 seconds.
  path: Assets/setofont/setofont-ex.ttf
  artifactKey: Guid(239aedc96b9ba4f40878f5b9cbbd8dc0) Importer(815301076,1909f56bfc062723c751e8b465ee728b)
Start importing Assets/setofont/setofont-ex.ttf using Guid(239aedc96b9ba4f40878f5b9cbbd8dc0) Importer(815301076,1909f56bfc062723c751e8b465ee728b)  -> (artifact id: 'dd40c48698dc590749a788bc45e45e60') in 0.037578 seconds 
  Import took 0.040387 seconds .

========================================================================
Received Import Request.
  Time since last request: 0.000235 seconds.
  path: Assets/setofont/setofont.ttf
  artifactKey: Guid(bd1885f4eced5934d8be2abe9b054f96) Importer(815301076,1909f56bfc062723c751e8b465ee728b)
Start importing Assets/setofont/setofont.ttf using Guid(bd1885f4eced5934d8be2abe9b054f96) Importer(815301076,1909f56bfc062723c751e8b465ee728b)  -> (artifact id: 'c6fbea20ef641a58406b1020515f8f04') in 0.023298 seconds 
  Import took 0.026228 seconds .

AssetImportWorkerClient::OnTransportError - code=2 error=End of file
